This file contains any messages produced by compilers while
running configure, to aid debugging if configure makes a mistake.

It was created by libde265 configure 1.0.5, which was
generated by GNU Autoconf 2.69.  Invocation command line was

  $ ./configure --prefix=/Users/georgezhou/Downloads/heif/build/de265 --enable-static --disable-shared --disable-encoder --enable-log-error --disable-dec265 --disable-sherlock265

## --------- ##
## Platform. ##
## --------- ##

hostname = GeorgeMR.local
uname -m = x86_64
uname -r = 19.4.0
uname -s = Darwin
uname -v = Darwin Kernel Version 19.4.0: Wed Mar  4 22:28:40 PST 2020; root:xnu-6153.101.6~15/RELEASE_X86_64

/usr/bin/uname -p = i386
/bin/uname -X     = unknown

/bin/arch              = unknown
/usr/bin/arch -k       = unknown
/usr/convex/getsysinfo = unknown
/usr/bin/hostinfo      = Mach kernel version:
	 Darwin Kernel Version 19.4.0: Wed Mar  4 22:28:40 PST 2020; root:xnu-6153.101.6~15/RELEASE_X86_64
Kernel configured for up to 4 processors.
2 processors are physically available.
4 processors are logically available.
Processor type: x86_64h (Intel x86-64h Haswell)
Processors active: 0 1 2 3
Primary memory available: 8.00 gigabytes
Default processor set: 369 tasks, 2495 threads, 4 processors
Load average: 3.22, Mach factor: 1.12
/bin/machine           = unknown
/usr/bin/oslevel       = unknown
/bin/universe          = unknown

PATH: /usr/local/sbin
PATH: /usr/local/opt/binutils/bin
PATH: /Library/Java/JavaVirtualMachines/jdk1.8.0_181.jdk/Contents/Home/bin
PATH: /Library/Maven/apache-maven-3.5.4/bin
PATH: /Users/georgezhou/bin
PATH: /usr/local/bin
PATH: /usr/local/bin
PATH: /usr/bin
PATH: /bin
PATH: /usr/sbin
PATH: /sbin
PATH: /Library/Apple/usr/bin/
PATH: /Applications/Wireshark.app/Contents/MacOS
PATH: /Library/Android/sdk/ndk-dundle
PATH: /Library/Android/sdk/ndk-dundle
PATH: /Users/georgezhou/Library/Android/sdk/platform-tools
PATH: /Users/georgezhou/Library/Android/sdk/tools
PATH: /Users/georgezhou/Library/Python/3.7/bin


## ----------- ##
## Core tests. ##
## ----------- ##

configure:2785: checking build system type
configure:2799: result: x86_64-apple-darwin19.4.0
configure:2819: checking host system type
configure:2832: result: x86_64-apple-darwin19.4.0
configure:2852: checking target system type
configure:2865: result: x86_64-apple-darwin19.4.0
configure:2943: checking how to print strings
configure:2970: result: printf
configure:3042: checking for gcc
configure:3058: found /usr/bin/gcc
configure:3069: result: gcc
configure:3298: checking for C compiler version
configure:3307: gcc --version >&5
Apple clang version 11.0.3 (clang-1103.0.32.59)
Target: x86_64-apple-darwin19.4.0
Thread model: posix
InstalledDir: /Library/Developer/CommandLineTools/usr/bin
Configured with: --prefix=/Library/Developer/CommandLineTools/usr --with-gxx-include-dir=/Library/Developer/CommandLineTools/SDKs/MacOSX.sdk/usr/include/c++/4.2.1
configure:3318: $? = 0
configure:3307: gcc -v >&5
Configured with: --prefix=/Library/Developer/CommandLineTools/usr --with-gxx-include-dir=/Library/Developer/CommandLineTools/SDKs/MacOSX.sdk/usr/include/c++/4.2.1
Apple clang version 11.0.3 (clang-1103.0.32.59)
Target: x86_64-apple-darwin19.4.0
Thread model: posix
InstalledDir: /Library/Developer/CommandLineTools/usr/bin
configure:3318: $? = 0
configure:3307: gcc -V >&5
clang: error: unsupported option '-V -Wno-objc-signed-char-bool-implicit-int-conversion'
clang: error: no input files
configure:3318: $? = 1
configure:3307: gcc -qversion >&5
clang: error: unknown argument '-qversion'; did you mean '--version'?
clang: error: no input files
configure:3318: $? = 1
configure:3338: checking whether the C compiler works
configure:3360: gcc    conftest.c  >&5
configure:3364: $? = 0
configure:3412: result: yes
configure:3415: checking for C compiler default output file name
configure:3417: result: a.out
configure:3423: checking for suffix of executables
configure:3430: gcc -o conftest    conftest.c  >&5
configure:3434: $? = 0
configure:3456: result: 
configure:3478: checking whether we are cross compiling
configure:3486: gcc -o conftest    conftest.c  >&5
configure:3490: $? = 0
configure:3497: ./conftest
configure:3501: $? = 0
configure:3516: result: no
configure:3521: checking for suffix of object files
configure:3543: gcc -c   conftest.c >&5
configure:3547: $? = 0
configure:3568: result: o
configure:3572: checking whether we are using the GNU C compiler
configure:3591: gcc -c   conftest.c >&5
configure:3591: $? = 0
configure:3600: result: yes
configure:3609: checking whether gcc accepts -g
configure:3629: gcc -c -g  conftest.c >&5
configure:3629: $? = 0
configure:3670: result: yes
configure:3687: checking for gcc option to accept ISO C89
configure:3750: gcc  -c -g -O2  conftest.c >&5
configure:3750: $? = 0
configure:3763: result: none needed
configure:3788: checking whether gcc understands -c and -o together
configure:3810: gcc -c conftest.c -o conftest2.o
configure:3813: $? = 0
configure:3810: gcc -c conftest.c -o conftest2.o
configure:3813: $? = 0
configure:3825: result: yes
configure:3842: checking for a sed that does not truncate output
configure:3906: result: /usr/bin/sed
configure:3924: checking for grep that handles long lines and -e
configure:3982: result: /usr/bin/grep
configure:3987: checking for egrep
configure:4049: result: /usr/bin/grep -E
configure:4054: checking for fgrep
configure:4116: result: /usr/bin/grep -F
configure:4151: checking for ld used by gcc
configure:4218: result: /Library/Developer/CommandLineTools/usr/bin/ld
configure:4225: checking if the linker (/Library/Developer/CommandLineTools/usr/bin/ld) is GNU ld
configure:4240: result: no
configure:4252: checking for BSD- or MS-compatible name lister (nm)
configure:4306: result: /usr/local/opt/binutils/bin/nm -B
configure:4436: checking the name lister (/usr/local/opt/binutils/bin/nm -B) interface
configure:4443: gcc -c -g -O2  conftest.c >&5
configure:4446: /usr/local/opt/binutils/bin/nm -B "conftest.o"
configure:4449: output
00000000000001e0 B _some_variable
configure:4456: result: BSD nm
configure:4459: checking whether ln -s works
configure:4463: result: yes
configure:4471: checking the maximum length of command line arguments
configure:4602: result: 196608
configure:4650: checking how to convert x86_64-apple-darwin19.4.0 file names to x86_64-apple-darwin19.4.0 format
configure:4690: result: func_convert_file_noop
configure:4697: checking how to convert x86_64-apple-darwin19.4.0 file names to toolchain format
configure:4717: result: func_convert_file_noop
configure:4724: checking for /Library/Developer/CommandLineTools/usr/bin/ld option to reload object files
configure:4731: result: -r
configure:4805: checking for objdump
configure:4821: found /usr/local/opt/binutils/bin/objdump
configure:4832: result: objdump
configure:4864: checking how to recognize dependent libraries
configure:5064: result: pass_all
configure:5149: checking for dlltool
configure:5165: found /usr/local/opt/binutils/bin/dlltool
configure:5176: result: dlltool
configure:5209: checking how to associate runtime and link libraries
configure:5236: result: printf %s\n
configure:5297: checking for ar
configure:5313: found /usr/local/opt/binutils/bin/ar
configure:5324: result: ar
configure:5361: checking for archiver @FILE support
configure:5378: gcc -c -g -O2  conftest.c >&5
configure:5378: $? = 0
configure:5381: ar cru libconftest.a @conftest.lst >&5
ar: @conftest.lst: No such file or directory
configure:5384: $? = 1
configure:5404: result: no
configure:5462: checking for strip
configure:5478: found /usr/local/opt/binutils/bin/strip
configure:5489: result: strip
configure:5561: checking for ranlib
configure:5577: found /usr/local/opt/binutils/bin/ranlib
configure:5588: result: ranlib
configure:5665: checking for gawk
configure:5695: result: no
configure:5665: checking for mawk
configure:5695: result: no
configure:5665: checking for nawk
configure:5695: result: no
configure:5665: checking for awk
configure:5681: found /usr/bin/awk
configure:5692: result: awk
configure:5732: checking command to parse /usr/local/opt/binutils/bin/nm -B output from gcc object
configure:5885: gcc -c -g -O2  conftest.c >&5
configure:5888: $? = 0
configure:5892: /usr/local/opt/binutils/bin/nm -B conftest.o \| sed -n -e 's/^.*[ ]\([ABCDGIRSTW][ABCDGIRSTW]*\)[ ][ ]*\([_A-Za-z][_A-Za-z0-9]*\)$/\1 \2 \2/p' | sed '/ __gnu_lto/d' \> conftest.nm
configure:5895: $? = 0
cannot find nm_test_var in conftest.nm
configure:5885: gcc -c -g -O2  conftest.c >&5
configure:5888: $? = 0
configure:5892: /usr/local/opt/binutils/bin/nm -B conftest.o \| sed -n -e 's/^.*[ ]\([ABCDGIRSTW][ABCDGIRSTW]*\)[ ][ ]*_\([_A-Za-z][_A-Za-z0-9]*\)$/\1 _\2 \2/p' | sed '/ __gnu_lto/d' \> conftest.nm
configure:5895: $? = 0
configure:5961: gcc -o conftest -g -O2   conftest.c conftstm.o >&5
warning: (x86_64)  could not find object file symbol for symbol _main
configure:5964: $? = 0
configure:6002: result: ok
configure:6049: checking for sysroot
configure:6079: result: no
configure:6086: checking for a working dd
configure:6124: result: /bin/dd
configure:6128: checking how to truncate binary pipes
configure:6143: result: /bin/dd bs=4096 count=1
configure:6472: checking for mt
configure:6502: result: no
configure:6522: checking if : is a manifest tool
configure:6528: : '-?'
configure:6536: result: no
configure:6592: checking for dsymutil
configure:6608: found /usr/bin/dsymutil
configure:6619: result: dsymutil
configure:6684: checking for nmedit
configure:6700: found /usr/bin/nmedit
configure:6711: result: nmedit
configure:6776: checking for lipo
configure:6792: found /usr/bin/lipo
configure:6803: result: lipo
configure:6868: checking for otool
configure:6884: found /usr/bin/otool
configure:6895: result: otool
configure:6960: checking for otool64
configure:6990: result: no
configure:7035: checking for -single_module linker flag
gcc -g -O2  -o libconftest.dylib -dynamiclib -Wl,-single_module conftest.c
configure:7068: result: yes
configure:7071: checking for -exported_symbols_list linker flag
configure:7091: gcc -o conftest -g -O2   -Wl,-exported_symbols_list,conftest.sym conftest.c  >&5
configure:7091: $? = 0
configure:7101: result: yes
configure:7104: checking for -force_load linker flag
gcc -g -O2 -c -o conftest.o conftest.c
ar cru libconftest.a conftest.o
ranlib libconftest.a
gcc -g -O2  -o conftest conftest.c -Wl,-force_load,./libconftest.a
configure:7136: result: yes
configure:7213: checking how to run the C preprocessor
configure:7244: gcc -E  conftest.c
configure:7244: $? = 0
configure:7258: gcc -E  conftest.c
conftest.c:9:10: fatal error: 'ac_nonexistent.h' file not found
#include <ac_nonexistent.h>
         ^~~~~~~~~~~~~~~~~~
1 error generated.
configure:7258: $? = 1
configure: failed program was:
| /* confdefs.h */
| #define PACKAGE_NAME "libde265"
| #define PACKAGE_TARNAME "libde265"
| #define PACKAGE_VERSION "1.0.5"
| #define PACKAGE_STRING "libde265 1.0.5"
| #define PACKAGE_BUGREPORT "farin@struktur.de"
| #define PACKAGE_URL ""
| /* end confdefs.h.  */
| #include <ac_nonexistent.h>
configure:7283: result: gcc -E
configure:7303: gcc -E  conftest.c
configure:7303: $? = 0
configure:7317: gcc -E  conftest.c
conftest.c:9:10: fatal error: 'ac_nonexistent.h' file not found
#include <ac_nonexistent.h>
         ^~~~~~~~~~~~~~~~~~
1 error generated.
configure:7317: $? = 1
configure: failed program was:
| /* confdefs.h */
| #define PACKAGE_NAME "libde265"
| #define PACKAGE_TARNAME "libde265"
| #define PACKAGE_VERSION "1.0.5"
| #define PACKAGE_STRING "libde265 1.0.5"
| #define PACKAGE_BUGREPORT "farin@struktur.de"
| #define PACKAGE_URL ""
| /* end confdefs.h.  */
| #include <ac_nonexistent.h>
configure:7346: checking for ANSI C header files
configure:7366: gcc -c -g -O2  conftest.c >&5
configure:7366: $? = 0
configure:7439: gcc -o conftest -g -O2   conftest.c  >&5
configure:7439: $? = 0
configure:7439: ./conftest
configure:7439: $? = 0
configure:7450: result: yes
configure:7463: checking for sys/types.h
configure:7463: gcc -c -g -O2  conftest.c >&5
configure:7463: $? = 0
configure:7463: result: yes
configure:7463: checking for sys/stat.h
configure:7463: gcc -c -g -O2  conftest.c >&5
configure:7463: $? = 0
configure:7463: result: yes
configure:7463: checking for stdlib.h
configure:7463: gcc -c -g -O2  conftest.c >&5
configure:7463: $? = 0
configure:7463: result: yes
configure:7463: checking for string.h
configure:7463: gcc -c -g -O2  conftest.c >&5
configure:7463: $? = 0
configure:7463: result: yes
configure:7463: checking for memory.h
configure:7463: gcc -c -g -O2  conftest.c >&5
configure:7463: $? = 0
configure:7463: result: yes
configure:7463: checking for strings.h
configure:7463: gcc -c -g -O2  conftest.c >&5
configure:7463: $? = 0
configure:7463: result: yes
configure:7463: checking for inttypes.h
configure:7463: gcc -c -g -O2  conftest.c >&5
configure:7463: $? = 0
configure:7463: result: yes
configure:7463: checking for stdint.h
configure:7463: gcc -c -g -O2  conftest.c >&5
configure:7463: $? = 0
configure:7463: result: yes
configure:7463: checking for unistd.h
configure:7463: gcc -c -g -O2  conftest.c >&5
configure:7463: $? = 0
configure:7463: result: yes
configure:7477: checking for dlfcn.h
configure:7477: gcc -c -g -O2  conftest.c >&5
configure:7477: $? = 0
configure:7477: result: yes
configure:7733: checking for objdir
configure:7748: result: .libs
configure:8012: checking if gcc supports -fno-rtti -fno-exceptions
configure:8030: gcc -c -g -O2  -fno-rtti -fno-exceptions conftest.c >&5
configure:8034: $? = 0
configure:8047: result: yes
configure:8405: checking for gcc option to produce PIC
configure:8412: result: -fno-common -DPIC
configure:8420: checking if gcc PIC flag -fno-common -DPIC works
configure:8438: gcc -c -g -O2  -fno-common -DPIC -DPIC conftest.c >&5
configure:8442: $? = 0
configure:8455: result: yes
configure:8484: checking if gcc static flag -static works
configure:8512: result: no
configure:8527: checking if gcc supports -c -o file.o
configure:8548: gcc -c -g -O2  -o out/conftest2.o conftest.c >&5
configure:8552: $? = 0
configure:8574: result: yes
configure:8582: checking if gcc supports -c -o file.o
configure:8629: result: yes
configure:8662: checking whether the gcc linker (/Library/Developer/CommandLineTools/usr/bin/ld) supports shared libraries
configure:9921: result: yes
configure:10161: checking dynamic linker characteristics
configure:10979: result: darwin19.4.0 dyld
configure:11101: checking how to hardcode library paths into programs
configure:11126: result: immediate
configure:11674: checking whether stripping libraries is possible
configure:11679: result: yes
configure:11714: checking if libtool supports shared libraries
configure:11716: result: yes
configure:11719: checking whether to build shared libraries
configure:11744: result: no
configure:11747: checking whether to build static libraries
configure:11751: result: yes
configure:11812: checking for style of include used by make
configure:11840: result: GNU
configure:11872: checking dependency style of gcc
configure:11981: result: gcc3
configure:12054: checking for g++
configure:12070: found /usr/bin/g++
configure:12081: result: g++
configure:12108: checking for C++ compiler version
configure:12117: g++ --version >&5
Apple clang version 11.0.3 (clang-1103.0.32.59)
Target: x86_64-apple-darwin19.4.0
Thread model: posix
InstalledDir: /Library/Developer/CommandLineTools/usr/bin
Configured with: --prefix=/Library/Developer/CommandLineTools/usr --with-gxx-include-dir=/Library/Developer/CommandLineTools/SDKs/MacOSX.sdk/usr/include/c++/4.2.1
configure:12128: $? = 0
configure:12117: g++ -v >&5
Configured with: --prefix=/Library/Developer/CommandLineTools/usr --with-gxx-include-dir=/Library/Developer/CommandLineTools/SDKs/MacOSX.sdk/usr/include/c++/4.2.1
Apple clang version 11.0.3 (clang-1103.0.32.59)
Target: x86_64-apple-darwin19.4.0
Thread model: posix
InstalledDir: /Library/Developer/CommandLineTools/usr/bin
configure:12128: $? = 0
configure:12117: g++ -V >&5
clang: error: unsupported option '-V -Wno-objc-signed-char-bool-implicit-int-conversion'
clang: error: no input files
configure:12128: $? = 1
configure:12117: g++ -qversion >&5
clang: error: unknown argument '-qversion'; did you mean '--version'?
clang: error: no input files
configure:12128: $? = 1
configure:12132: checking whether we are using the GNU C++ compiler
configure:12151: g++ -c   conftest.cpp >&5
configure:12151: $? = 0
configure:12160: result: yes
configure:12169: checking whether g++ accepts -g
configure:12189: g++ -c -g  conftest.cpp >&5
configure:12189: $? = 0
configure:12230: result: yes
configure:12271: checking how to run the C++ preprocessor
configure:12298: g++ -E  conftest.cpp
configure:12298: $? = 0
configure:12312: g++ -E  conftest.cpp
conftest.cpp:21:10: fatal error: 'ac_nonexistent.h' file not found
#include <ac_nonexistent.h>
         ^~~~~~~~~~~~~~~~~~
1 error generated.
configure:12312: $? = 1
configure: failed program was:
| /* confdefs.h */
| #define PACKAGE_NAME "libde265"
| #define PACKAGE_TARNAME "libde265"
| #define PACKAGE_VERSION "1.0.5"
| #define PACKAGE_STRING "libde265 1.0.5"
| #define PACKAGE_BUGREPORT "farin@struktur.de"
| #define PACKAGE_URL ""
| #define STDC_HEADERS 1
| #define HAVE_SYS_TYPES_H 1
| #define HAVE_SYS_STAT_H 1
| #define HAVE_STDLIB_H 1
| #define HAVE_STRING_H 1
| #define HAVE_MEMORY_H 1
| #define HAVE_STRINGS_H 1
| #define HAVE_INTTYPES_H 1
| #define HAVE_STDINT_H 1
| #define HAVE_UNISTD_H 1
| #define HAVE_DLFCN_H 1
| #define LT_OBJDIR ".libs/"
| /* end confdefs.h.  */
| #include <ac_nonexistent.h>
configure:12337: result: g++ -E
configure:12357: g++ -E  conftest.cpp
configure:12357: $? = 0
configure:12371: g++ -E  conftest.cpp
conftest.cpp:21:10: fatal error: 'ac_nonexistent.h' file not found
#include <ac_nonexistent.h>
         ^~~~~~~~~~~~~~~~~~
1 error generated.
configure:12371: $? = 1
configure: failed program was:
| /* confdefs.h */
| #define PACKAGE_NAME "libde265"
| #define PACKAGE_TARNAME "libde265"
| #define PACKAGE_VERSION "1.0.5"
| #define PACKAGE_STRING "libde265 1.0.5"
| #define PACKAGE_BUGREPORT "farin@struktur.de"
| #define PACKAGE_URL ""
| #define STDC_HEADERS 1
| #define HAVE_SYS_TYPES_H 1
| #define HAVE_SYS_STAT_H 1
| #define HAVE_STDLIB_H 1
| #define HAVE_STRING_H 1
| #define HAVE_MEMORY_H 1
| #define HAVE_STRINGS_H 1
| #define HAVE_INTTYPES_H 1
| #define HAVE_STDINT_H 1
| #define HAVE_UNISTD_H 1
| #define HAVE_DLFCN_H 1
| #define LT_OBJDIR ".libs/"
| /* end confdefs.h.  */
| #include <ac_nonexistent.h>
configure:12533: checking for ld used by g++
configure:12600: result: /Library/Developer/CommandLineTools/usr/bin/ld
configure:12607: checking if the linker (/Library/Developer/CommandLineTools/usr/bin/ld) is GNU ld
configure:12622: result: no
configure:12677: checking whether the g++ linker (/Library/Developer/CommandLineTools/usr/bin/ld) supports shared libraries
configure:13750: result: yes
configure:13786: g++ -c -g -O2  conftest.cpp >&5
configure:13789: $? = 0
configure:14270: checking for g++ option to produce PIC
configure:14277: result: -fno-common -DPIC
configure:14285: checking if g++ PIC flag -fno-common -DPIC works
configure:14303: g++ -c -g -O2  -fno-common -DPIC -DPIC conftest.cpp >&5
configure:14307: $? = 0
configure:14320: result: yes
configure:14343: checking if g++ static flag -static works
configure:14371: result: no
configure:14383: checking if g++ supports -c -o file.o
configure:14404: g++ -c -g -O2  -o out/conftest2.o conftest.cpp >&5
configure:14408: $? = 0
configure:14430: result: yes
configure:14435: checking if g++ supports -c -o file.o
configure:14482: result: yes
configure:14512: checking whether the g++ linker (/Library/Developer/CommandLineTools/usr/bin/ld) supports shared libraries
configure:14552: result: yes
configure:14693: checking dynamic linker characteristics
configure:15438: result: darwin19.4.0 dyld
configure:15503: checking how to hardcode library paths into programs
configure:15528: result: immediate
configure:15616: checking for gcc
configure:15643: result: gcc
configure:15872: checking for C compiler version
configure:15881: gcc --version >&5
Apple clang version 11.0.3 (clang-1103.0.32.59)
Target: x86_64-apple-darwin19.4.0
Thread model: posix
InstalledDir: /Library/Developer/CommandLineTools/usr/bin
Configured with: --prefix=/Library/Developer/CommandLineTools/usr --with-gxx-include-dir=/Library/Developer/CommandLineTools/SDKs/MacOSX.sdk/usr/include/c++/4.2.1
configure:15892: $? = 0
configure:15881: gcc -v >&5
Configured with: --prefix=/Library/Developer/CommandLineTools/usr --with-gxx-include-dir=/Library/Developer/CommandLineTools/SDKs/MacOSX.sdk/usr/include/c++/4.2.1
Apple clang version 11.0.3 (clang-1103.0.32.59)
Target: x86_64-apple-darwin19.4.0
Thread model: posix
InstalledDir: /Library/Developer/CommandLineTools/usr/bin
configure:15892: $? = 0
configure:15881: gcc -V >&5
clang: error: unsupported option '-V -Wno-objc-signed-char-bool-implicit-int-conversion'
clang: error: no input files
configure:15892: $? = 1
configure:15881: gcc -qversion >&5
clang: error: unknown argument '-qversion'; did you mean '--version'?
clang: error: no input files
configure:15892: $? = 1
configure:15896: checking whether we are using the GNU C compiler
configure:15924: result: yes
configure:15933: checking whether gcc accepts -g
configure:15994: result: yes
configure:16011: checking for gcc option to accept ISO C89
configure:16087: result: none needed
configure:16112: checking whether gcc understands -c and -o together
configure:16149: result: yes
configure:16180: checking for a BSD-compatible install
configure:16248: result: /usr/local/bin/ginstall -c
configure:16259: checking whether ln -s works
configure:16263: result: yes
configure:16270: checking for grep that handles long lines and -e
configure:16328: result: /usr/bin/grep
configure:16337: checking whether build environment is sane
configure:16392: result: yes
configure:16540: checking for a thread-safe mkdir -p
configure:16579: result: /usr/local/bin/gmkdir -p
configure:16582: checking whether make sets $(MAKE)
configure:16604: result: yes
configure:16624: checking whether make supports nested variables
configure:16641: result: yes
configure:16726: checking dependency style of gcc
configure:16837: result: gcc3
configure:16854: checking dependency style of g++
configure:16965: result: gcc3
configure:17033: checking whether g++ supports C++11 features by default
configure:17067: g++ -c -g -O2 -Werror=return-type -Werror=unused-result -Werror=reorder  conftest.cpp >&5
conftest.cpp:27:21: error: expected parameter declarator
      static_assert(sizeof(int) <= sizeof(T), "not big enough");
                    ^
conftest.cpp:27:21: error: expected ')'
conftest.cpp:27:20: note: to match this '('
      static_assert(sizeof(int) <= sizeof(T), "not big enough");
                   ^
conftest.cpp:27:7: error: C++ requires a type specifier for all declarations
      static_assert(sizeof(int) <= sizeof(T), "not big enough");
      ^
conftest.cpp:37:29: error: a space is required between consecutive right angle brackets (use '> >')
    typedef check<check<bool>> right_angle_brackets;
                            ^~
                            > >
conftest.cpp:40:5: error: unknown type name 'decltype'
    decltype(a) b;
    ^
conftest.cpp:40:16: error: expected ';' after top level declarator
    decltype(a) b;
               ^
               ;
conftest.cpp:44:15: warning: rvalue references are a C++11 extension [-Wc++11-extensions]
    check_type&& cr = static_cast<check_type&&>(c);
              ^
conftest.cpp:44:45: warning: rvalue references are a C++11 extension [-Wc++11-extensions]
    check_type&& cr = static_cast<check_type&&>(c);
                                            ^
conftest.cpp:46:5: warning: 'auto' type specifier is a C++11 extension [-Wc++11-extensions]
    auto d = a;
    ^
conftest.cpp:47:5: warning: 'auto' type specifier is a C++11 extension [-Wc++11-extensions]
    auto l = [](){};
    ^
conftest.cpp:47:14: error: expected expression
    auto l = [](){};
             ^
4 warnings and 7 errors generated.
configure:17067: $? = 1
configure: failed program was:
| /* confdefs.h */
| #define PACKAGE_NAME "libde265"
| #define PACKAGE_TARNAME "libde265"
| #define PACKAGE_VERSION "1.0.5"
| #define PACKAGE_STRING "libde265 1.0.5"
| #define PACKAGE_BUGREPORT "farin@struktur.de"
| #define PACKAGE_URL ""
| #define STDC_HEADERS 1
| #define HAVE_SYS_TYPES_H 1
| #define HAVE_SYS_STAT_H 1
| #define HAVE_STDLIB_H 1
| #define HAVE_STRING_H 1
| #define HAVE_MEMORY_H 1
| #define HAVE_STRINGS_H 1
| #define HAVE_INTTYPES_H 1
| #define HAVE_STDINT_H 1
| #define HAVE_UNISTD_H 1
| #define HAVE_DLFCN_H 1
| #define LT_OBJDIR ".libs/"
| #define PACKAGE "libde265"
| #define VERSION "1.0.5"
| /* end confdefs.h.  */
| 
|   template <typename T>
|     struct check
|     {
|       static_assert(sizeof(int) <= sizeof(T), "not big enough");
|     };
| 
|     struct Base {
|     virtual void f() {}
|     };
|     struct Child : public Base {
|     virtual void f() {} // DiFa: override {}   # override not supported in gcc 4.6
|     };
| 
|     typedef check<check<bool>> right_angle_brackets;
| 
|     int a;
|     decltype(a) b;
| 
|     typedef check<int> check_type;
|     check_type c;
|     check_type&& cr = static_cast<check_type&&>(c);
| 
|     auto d = a;
|     auto l = [](){};
| 
configure:17074: result: no
configure:17083: checking whether g++ supports C++11 features with -std=gnu++11
configure:17119: g++ -c -g -O2 -Werror=return-type -Werror=unused-result -Werror=reorder -std=gnu++11  conftest.cpp >&5
configure:17119: $? = 0
configure:17128: result: yes
configure:17242: checking for stdint.h
configure:17242: result: yes
configure:17242: checking for stdlib.h
configure:17242: result: yes
configure:17242: checking for string.h
configure:17242: result: yes
configure:17242: checking malloc.h usability
configure:17242: gcc -c -g -O2 -std=c99 -Wall  conftest.c >&5
conftest.c:59:10: fatal error: 'malloc.h' file not found
#include <malloc.h>
         ^~~~~~~~~~
1 error generated.
configure:17242: $? = 1
configure: failed program was:
| /* confdefs.h */
| #define PACKAGE_NAME "libde265"
| #define PACKAGE_TARNAME "libde265"
| #define PACKAGE_VERSION "1.0.5"
| #define PACKAGE_STRING "libde265 1.0.5"
| #define PACKAGE_BUGREPORT "farin@struktur.de"
| #define PACKAGE_URL ""
| #define STDC_HEADERS 1
| #define HAVE_SYS_TYPES_H 1
| #define HAVE_SYS_STAT_H 1
| #define HAVE_STDLIB_H 1
| #define HAVE_STRING_H 1
| #define HAVE_MEMORY_H 1
| #define HAVE_STRINGS_H 1
| #define HAVE_INTTYPES_H 1
| #define HAVE_STDINT_H 1
| #define HAVE_UNISTD_H 1
| #define HAVE_DLFCN_H 1
| #define LT_OBJDIR ".libs/"
| #define PACKAGE "libde265"
| #define VERSION "1.0.5"
| #define HAVE_STDINT_H 1
| #define HAVE_STDLIB_H 1
| #define HAVE_STRING_H 1
| /* end confdefs.h.  */
| #include <stdio.h>
| #ifdef HAVE_SYS_TYPES_H
| # include <sys/types.h>
| #endif
| #ifdef HAVE_SYS_STAT_H
| # include <sys/stat.h>
| #endif
| #ifdef STDC_HEADERS
| # include <stdlib.h>
| # include <stddef.h>
| #else
| # ifdef HAVE_STDLIB_H
| #  include <stdlib.h>
| # endif
| #endif
| #ifdef HAVE_STRING_H
| # if !defined STDC_HEADERS && defined HAVE_MEMORY_H
| #  include <memory.h>
| # endif
| # include <string.h>
| #endif
| #ifdef HAVE_STRINGS_H
| # include <strings.h>
| #endif
| #ifdef HAVE_INTTYPES_H
| # include <inttypes.h>
| #endif
| #ifdef HAVE_STDINT_H
| # include <stdint.h>
| #endif
| #ifdef HAVE_UNISTD_H
| # include <unistd.h>
| #endif
| #include <malloc.h>
configure:17242: result: no
configure:17242: checking malloc.h presence
configure:17242: gcc -E  conftest.c
conftest.c:26:10: fatal error: 'malloc.h' file not found
#include <malloc.h>
         ^~~~~~~~~~
1 error generated.
configure:17242: $? = 1
configure: failed program was:
| /* confdefs.h */
| #define PACKAGE_NAME "libde265"
| #define PACKAGE_TARNAME "libde265"
| #define PACKAGE_VERSION "1.0.5"
| #define PACKAGE_STRING "libde265 1.0.5"
| #define PACKAGE_BUGREPORT "farin@struktur.de"
| #define PACKAGE_URL ""
| #define STDC_HEADERS 1
| #define HAVE_SYS_TYPES_H 1
| #define HAVE_SYS_STAT_H 1
| #define HAVE_STDLIB_H 1
| #define HAVE_STRING_H 1
| #define HAVE_MEMORY_H 1
| #define HAVE_STRINGS_H 1
| #define HAVE_INTTYPES_H 1
| #define HAVE_STDINT_H 1
| #define HAVE_UNISTD_H 1
| #define HAVE_DLFCN_H 1
| #define LT_OBJDIR ".libs/"
| #define PACKAGE "libde265"
| #define VERSION "1.0.5"
| #define HAVE_STDINT_H 1
| #define HAVE_STDLIB_H 1
| #define HAVE_STRING_H 1
| /* end confdefs.h.  */
| #include <malloc.h>
configure:17242: result: no
configure:17242: checking for malloc.h
configure:17242: result: no
configure:17242: checking signal.h usability
configure:17242: gcc -c -g -O2 -std=c99 -Wall  conftest.c >&5
configure:17242: $? = 0
configure:17242: result: yes
configure:17242: checking signal.h presence
configure:17242: gcc -E  conftest.c
configure:17242: $? = 0
configure:17242: result: yes
configure:17242: checking for signal.h
configure:17242: result: yes
configure:17242: checking setjmp.h usability
configure:17242: gcc -c -g -O2 -std=c99 -Wall  conftest.c >&5
configure:17242: $? = 0
configure:17242: result: yes
configure:17242: checking setjmp.h presence
configure:17242: gcc -E  conftest.c
configure:17242: $? = 0
configure:17242: result: yes
configure:17242: checking for setjmp.h
configure:17242: result: yes
configure:17242: checking stddef.h usability
configure:17242: gcc -c -g -O2 -std=c99 -Wall  conftest.c >&5
configure:17242: $? = 0
configure:17242: result: yes
configure:17242: checking stddef.h presence
configure:17242: gcc -E  conftest.c
configure:17242: $? = 0
configure:17242: result: yes
configure:17242: checking for stddef.h
configure:17242: result: yes
configure:17242: checking sys/time.h usability
configure:17242: gcc -c -g -O2 -std=c99 -Wall  conftest.c >&5
configure:17242: $? = 0
configure:17242: result: yes
configure:17242: checking sys/time.h presence
configure:17242: gcc -E  conftest.c
configure:17242: $? = 0
configure:17242: result: yes
configure:17242: checking for sys/time.h
configure:17242: result: yes
configure:17264: checking cstdint usability
configure:17264: g++ -c -g -O2 -Werror=return-type -Werror=unused-result -Werror=reorder -std=gnu++11 -g -O2 -Werror=return-type -Werror=unused-result -Werror=reorder -std=gnu++11 conftest.cpp >&5
configure:17264: $? = 0
configure:17264: result: yes
configure:17264: checking cstdint presence
configure:17264: g++ -E -g -O2 -Werror=return-type -Werror=unused-result -Werror=reorder -std=gnu++11 conftest.cpp
configure:17264: $? = 0
configure:17264: result: yes
configure:17264: checking for cstdint
configure:17264: result: yes
configure:17283: checking for stdbool.h that conforms to C99
configure:17350: gcc -c -g -O2 -std=c99 -Wall  conftest.c >&5
conftest.c:80:24: warning: address of 's' will always evaluate to 'true' [-Wpointer-bool-conversion]
             bool e = &s;
                  ~    ^
conftest.c:84:23: warning: address of array 'a' will always evaluate to 'true' [-Wpointer-bool-conversion]
             return (!a + !b + !c + !d + !e + !f + !g + !h + !i + !!j + !k + !!l
                     ~^
conftest.c:84:28: warning: address of array 'b' will always evaluate to 'true' [-Wpointer-bool-conversion]
             return (!a + !b + !c + !d + !e + !f + !g + !h + !i + !!j + !k + !!l
                          ~^
conftest.c:84:33: warning: address of array 'c' will always evaluate to 'true' [-Wpointer-bool-conversion]
             return (!a + !b + !c + !d + !e + !f + !g + !h + !i + !!j + !k + !!l
                               ~^
conftest.c:84:38: warning: address of array 'd' will always evaluate to 'true' [-Wpointer-bool-conversion]
             return (!a + !b + !c + !d + !e + !f + !g + !h + !i + !!j + !k + !!l
                                    ~^
conftest.c:84:48: warning: address of array 'f' will always evaluate to 'true' [-Wpointer-bool-conversion]
             return (!a + !b + !c + !d + !e + !f + !g + !h + !i + !!j + !k + !!l
                                              ~^
conftest.c:84:53: warning: address of array 'g' will always evaluate to 'true' [-Wpointer-bool-conversion]
             return (!a + !b + !c + !d + !e + !f + !g + !h + !i + !!j + !k + !!l
                                                   ~^
conftest.c:84:58: warning: address of array 'h' will always evaluate to 'true' [-Wpointer-bool-conversion]
             return (!a + !b + !c + !d + !e + !f + !g + !h + !i + !!j + !k + !!l
                                                        ~^
conftest.c:84:63: warning: address of array 'i' will always evaluate to 'true' [-Wpointer-bool-conversion]
             return (!a + !b + !c + !d + !e + !f + !g + !h + !i + !!j + !k + !!l
                                                             ~^
conftest.c:85:30: warning: address of array 'n' will always evaluate to 'true' [-Wpointer-bool-conversion]
                            ~^
conftest.c:85:35: warning: address of array 'o' will always evaluate to 'true' [-Wpointer-bool-conversion]
                                 ~^
conftest.c:85:40: warning: address of array 'p' will always evaluate to 'true' [-Wpointer-bool-conversion]
                                      ~^
12 warnings generated.
configure:17350: $? = 0
configure:17357: result: yes
configure:17359: checking for _Bool
configure:17359: gcc -c -g -O2 -std=c99 -Wall  conftest.c >&5
configure:17359: $? = 0
configure:17359: gcc -c -g -O2 -std=c99 -Wall  conftest.c >&5
conftest.c:67:20: error: expected expression
if (sizeof ((_Bool)))
                   ^
1 error generated.
configure:17359: $? = 1
configure: failed program was:
| /* confdefs.h */
| #define PACKAGE_NAME "libde265"
| #define PACKAGE_TARNAME "libde265"
| #define PACKAGE_VERSION "1.0.5"
| #define PACKAGE_STRING "libde265 1.0.5"
| #define PACKAGE_BUGREPORT "farin@struktur.de"
| #define PACKAGE_URL ""
| #define STDC_HEADERS 1
| #define HAVE_SYS_TYPES_H 1
| #define HAVE_SYS_STAT_H 1
| #define HAVE_STDLIB_H 1
| #define HAVE_STRING_H 1
| #define HAVE_MEMORY_H 1
| #define HAVE_STRINGS_H 1
| #define HAVE_INTTYPES_H 1
| #define HAVE_STDINT_H 1
| #define HAVE_UNISTD_H 1
| #define HAVE_DLFCN_H 1
| #define LT_OBJDIR ".libs/"
| #define PACKAGE "libde265"
| #define VERSION "1.0.5"
| #define HAVE_STDINT_H 1
| #define HAVE_STDLIB_H 1
| #define HAVE_STRING_H 1
| #define HAVE_SIGNAL_H 1
| #define HAVE_SETJMP_H 1
| #define HAVE_STDDEF_H 1
| #define HAVE_SYS_TIME_H 1
| #define HAVE_CSTDINT 1
| /* end confdefs.h.  */
| #include <stdio.h>
| #ifdef HAVE_SYS_TYPES_H
| # include <sys/types.h>
| #endif
| #ifdef HAVE_SYS_STAT_H
| # include <sys/stat.h>
| #endif
| #ifdef STDC_HEADERS
| # include <stdlib.h>
| # include <stddef.h>
| #else
| # ifdef HAVE_STDLIB_H
| #  include <stdlib.h>
| # endif
| #endif
| #ifdef HAVE_STRING_H
| # if !defined STDC_HEADERS && defined HAVE_MEMORY_H
| #  include <memory.h>
| # endif
| # include <string.h>
| #endif
| #ifdef HAVE_STRINGS_H
| # include <strings.h>
| #endif
| #ifdef HAVE_INTTYPES_H
| # include <inttypes.h>
| #endif
| #ifdef HAVE_STDINT_H
| # include <stdint.h>
| #endif
| #ifdef HAVE_UNISTD_H
| # include <unistd.h>
| #endif
| int
| main ()
| {
| if (sizeof ((_Bool)))
| 	    return 0;
|   ;
|   return 0;
| }
configure:17359: result: yes
configure:17376: checking for size_t
configure:17376: gcc -c -g -O2 -std=c99 -Wall  conftest.c >&5
configure:17376: $? = 0
configure:17376: gcc -c -g -O2 -std=c99 -Wall  conftest.c >&5
conftest.c:69:21: error: expected expression
if (sizeof ((size_t)))
                    ^
1 error generated.
configure:17376: $? = 1
configure: failed program was:
| /* confdefs.h */
| #define PACKAGE_NAME "libde265"
| #define PACKAGE_TARNAME "libde265"
| #define PACKAGE_VERSION "1.0.5"
| #define PACKAGE_STRING "libde265 1.0.5"
| #define PACKAGE_BUGREPORT "farin@struktur.de"
| #define PACKAGE_URL ""
| #define STDC_HEADERS 1
| #define HAVE_SYS_TYPES_H 1
| #define HAVE_SYS_STAT_H 1
| #define HAVE_STDLIB_H 1
| #define HAVE_STRING_H 1
| #define HAVE_MEMORY_H 1
| #define HAVE_STRINGS_H 1
| #define HAVE_INTTYPES_H 1
| #define HAVE_STDINT_H 1
| #define HAVE_UNISTD_H 1
| #define HAVE_DLFCN_H 1
| #define LT_OBJDIR ".libs/"
| #define PACKAGE "libde265"
| #define VERSION "1.0.5"
| #define HAVE_STDINT_H 1
| #define HAVE_STDLIB_H 1
| #define HAVE_STRING_H 1
| #define HAVE_SIGNAL_H 1
| #define HAVE_SETJMP_H 1
| #define HAVE_STDDEF_H 1
| #define HAVE_SYS_TIME_H 1
| #define HAVE_CSTDINT 1
| #define HAVE__BOOL 1
| #define HAVE_STDBOOL_H 1
| /* end confdefs.h.  */
| #include <stdio.h>
| #ifdef HAVE_SYS_TYPES_H
| # include <sys/types.h>
| #endif
| #ifdef HAVE_SYS_STAT_H
| # include <sys/stat.h>
| #endif
| #ifdef STDC_HEADERS
| # include <stdlib.h>
| # include <stddef.h>
| #else
| # ifdef HAVE_STDLIB_H
| #  include <stdlib.h>
| # endif
| #endif
| #ifdef HAVE_STRING_H
| # if !defined STDC_HEADERS && defined HAVE_MEMORY_H
| #  include <memory.h>
| # endif
| # include <string.h>
| #endif
| #ifdef HAVE_STRINGS_H
| # include <strings.h>
| #endif
| #ifdef HAVE_INTTYPES_H
| # include <inttypes.h>
| #endif
| #ifdef HAVE_STDINT_H
| # include <stdint.h>
| #endif
| #ifdef HAVE_UNISTD_H
| # include <unistd.h>
| #endif
| int
| main ()
| {
| if (sizeof ((size_t)))
| 	    return 0;
|   ;
|   return 0;
| }
configure:17376: result: yes
configure:17387: checking for int8_t
configure:17387: gcc -c -g -O2 -std=c99 -Wall  conftest.c >&5
configure:17387: $? = 0
configure:17387: gcc -c -g -O2 -std=c99 -Wall  conftest.c >&5
conftest.c:70:24: error: 'test_array' declared as an array with a negative size
static int test_array [1 - 2 * !((int8_t) (((((int8_t) 1 << N) << N) - 1) * 2 + 1)
                       ^~~~~~~~~~~~~~~~~~~~~~~~~~~~~~~~~~~~~~~~~~~~~~~~~~~~~~~~~~~
1 error generated.
configure:17387: $? = 1
configure: failed program was:
| /* confdefs.h */
| #define PACKAGE_NAME "libde265"
| #define PACKAGE_TARNAME "libde265"
| #define PACKAGE_VERSION "1.0.5"
| #define PACKAGE_STRING "libde265 1.0.5"
| #define PACKAGE_BUGREPORT "farin@struktur.de"
| #define PACKAGE_URL ""
| #define STDC_HEADERS 1
| #define HAVE_SYS_TYPES_H 1
| #define HAVE_SYS_STAT_H 1
| #define HAVE_STDLIB_H 1
| #define HAVE_STRING_H 1
| #define HAVE_MEMORY_H 1
| #define HAVE_STRINGS_H 1
| #define HAVE_INTTYPES_H 1
| #define HAVE_STDINT_H 1
| #define HAVE_UNISTD_H 1
| #define HAVE_DLFCN_H 1
| #define LT_OBJDIR ".libs/"
| #define PACKAGE "libde265"
| #define VERSION "1.0.5"
| #define HAVE_STDINT_H 1
| #define HAVE_STDLIB_H 1
| #define HAVE_STRING_H 1
| #define HAVE_SIGNAL_H 1
| #define HAVE_SETJMP_H 1
| #define HAVE_STDDEF_H 1
| #define HAVE_SYS_TIME_H 1
| #define HAVE_CSTDINT 1
| #define HAVE__BOOL 1
| #define HAVE_STDBOOL_H 1
| /* end confdefs.h.  */
| #include <stdio.h>
| #ifdef HAVE_SYS_TYPES_H
| # include <sys/types.h>
| #endif
| #ifdef HAVE_SYS_STAT_H
| # include <sys/stat.h>
| #endif
| #ifdef STDC_HEADERS
| # include <stdlib.h>
| # include <stddef.h>
| #else
| # ifdef HAVE_STDLIB_H
| #  include <stdlib.h>
| # endif
| #endif
| #ifdef HAVE_STRING_H
| # if !defined STDC_HEADERS && defined HAVE_MEMORY_H
| #  include <memory.h>
| # endif
| # include <string.h>
| #endif
| #ifdef HAVE_STRINGS_H
| # include <strings.h>
| #endif
| #ifdef HAVE_INTTYPES_H
| # include <inttypes.h>
| #endif
| #ifdef HAVE_STDINT_H
| # include <stdint.h>
| #endif
| #ifdef HAVE_UNISTD_H
| # include <unistd.h>
| #endif
| 	        enum { N = 8 / 2 - 1 };
| int
| main ()
| {
| static int test_array [1 - 2 * !((int8_t) (((((int8_t) 1 << N) << N) - 1) * 2 + 1)
| 		 < (int8_t) (((((int8_t) 1 << N) << N) - 1) * 2 + 2))];
| test_array [0] = 0;
| return test_array [0];
| 
|   ;
|   return 0;
| }
configure:17387: result: yes
configure:17398: checking for int16_t
configure:17398: gcc -c -g -O2 -std=c99 -Wall  conftest.c >&5
configure:17398: $? = 0
configure:17398: gcc -c -g -O2 -std=c99 -Wall  conftest.c >&5
conftest.c:70:24: error: 'test_array' declared as an array with a negative size
static int test_array [1 - 2 * !((int16_t) (((((int16_t) 1 << N) << N) - 1) * 2 + 1)
                       ^~~~~~~~~~~~~~~~~~~~~~~~~~~~~~~~~~~~~~~~~~~~~~~~~~~~~~~~~~~~~
1 error generated.
configure:17398: $? = 1
configure: failed program was:
| /* confdefs.h */
| #define PACKAGE_NAME "libde265"
| #define PACKAGE_TARNAME "libde265"
| #define PACKAGE_VERSION "1.0.5"
| #define PACKAGE_STRING "libde265 1.0.5"
| #define PACKAGE_BUGREPORT "farin@struktur.de"
| #define PACKAGE_URL ""
| #define STDC_HEADERS 1
| #define HAVE_SYS_TYPES_H 1
| #define HAVE_SYS_STAT_H 1
| #define HAVE_STDLIB_H 1
| #define HAVE_STRING_H 1
| #define HAVE_MEMORY_H 1
| #define HAVE_STRINGS_H 1
| #define HAVE_INTTYPES_H 1
| #define HAVE_STDINT_H 1
| #define HAVE_UNISTD_H 1
| #define HAVE_DLFCN_H 1
| #define LT_OBJDIR ".libs/"
| #define PACKAGE "libde265"
| #define VERSION "1.0.5"
| #define HAVE_STDINT_H 1
| #define HAVE_STDLIB_H 1
| #define HAVE_STRING_H 1
| #define HAVE_SIGNAL_H 1
| #define HAVE_SETJMP_H 1
| #define HAVE_STDDEF_H 1
| #define HAVE_SYS_TIME_H 1
| #define HAVE_CSTDINT 1
| #define HAVE__BOOL 1
| #define HAVE_STDBOOL_H 1
| /* end confdefs.h.  */
| #include <stdio.h>
| #ifdef HAVE_SYS_TYPES_H
| # include <sys/types.h>
| #endif
| #ifdef HAVE_SYS_STAT_H
| # include <sys/stat.h>
| #endif
| #ifdef STDC_HEADERS
| # include <stdlib.h>
| # include <stddef.h>
| #else
| # ifdef HAVE_STDLIB_H
| #  include <stdlib.h>
| # endif
| #endif
| #ifdef HAVE_STRING_H
| # if !defined STDC_HEADERS && defined HAVE_MEMORY_H
| #  include <memory.h>
| # endif
| # include <string.h>
| #endif
| #ifdef HAVE_STRINGS_H
| # include <strings.h>
| #endif
| #ifdef HAVE_INTTYPES_H
| # include <inttypes.h>
| #endif
| #ifdef HAVE_STDINT_H
| # include <stdint.h>
| #endif
| #ifdef HAVE_UNISTD_H
| # include <unistd.h>
| #endif
| 	        enum { N = 16 / 2 - 1 };
| int
| main ()
| {
| static int test_array [1 - 2 * !((int16_t) (((((int16_t) 1 << N) << N) - 1) * 2 + 1)
| 		 < (int16_t) (((((int16_t) 1 << N) << N) - 1) * 2 + 2))];
| test_array [0] = 0;
| return test_array [0];
| 
|   ;
|   return 0;
| }
configure:17398: result: yes
configure:17409: checking for int32_t
configure:17409: gcc -c -g -O2 -std=c99 -Wall  conftest.c >&5
configure:17409: $? = 0
configure:17409: gcc -c -g -O2 -std=c99 -Wall  conftest.c >&5
conftest.c:71:53: warning: overflow in expression; result is -2147483648 with type 'int' [-Winteger-overflow]
                 < (int32_t) (((((int32_t) 1 << N) << N) - 1) * 2 + 2))];
                                                                  ^
conftest.c:70:24: error: 'test_array' declared as an array with a negative size
static int test_array [1 - 2 * !((int32_t) (((((int32_t) 1 << N) << N) - 1) * 2 + 1)
                       ^~~~~~~~~~~~~~~~~~~~~~~~~~~~~~~~~~~~~~~~~~~~~~~~~~~~~~~~~~~~~
1 warning and 1 error generated.
configure:17409: $? = 1
configure: failed program was:
| /* confdefs.h */
| #define PACKAGE_NAME "libde265"
| #define PACKAGE_TARNAME "libde265"
| #define PACKAGE_VERSION "1.0.5"
| #define PACKAGE_STRING "libde265 1.0.5"
| #define PACKAGE_BUGREPORT "farin@struktur.de"
| #define PACKAGE_URL ""
| #define STDC_HEADERS 1
| #define HAVE_SYS_TYPES_H 1
| #define HAVE_SYS_STAT_H 1
| #define HAVE_STDLIB_H 1
| #define HAVE_STRING_H 1
| #define HAVE_MEMORY_H 1
| #define HAVE_STRINGS_H 1
| #define HAVE_INTTYPES_H 1
| #define HAVE_STDINT_H 1
| #define HAVE_UNISTD_H 1
| #define HAVE_DLFCN_H 1
| #define LT_OBJDIR ".libs/"
| #define PACKAGE "libde265"
| #define VERSION "1.0.5"
| #define HAVE_STDINT_H 1
| #define HAVE_STDLIB_H 1
| #define HAVE_STRING_H 1
| #define HAVE_SIGNAL_H 1
| #define HAVE_SETJMP_H 1
| #define HAVE_STDDEF_H 1
| #define HAVE_SYS_TIME_H 1
| #define HAVE_CSTDINT 1
| #define HAVE__BOOL 1
| #define HAVE_STDBOOL_H 1
| /* end confdefs.h.  */
| #include <stdio.h>
| #ifdef HAVE_SYS_TYPES_H
| # include <sys/types.h>
| #endif
| #ifdef HAVE_SYS_STAT_H
| # include <sys/stat.h>
| #endif
| #ifdef STDC_HEADERS
| # include <stdlib.h>
| # include <stddef.h>
| #else
| # ifdef HAVE_STDLIB_H
| #  include <stdlib.h>
| # endif
| #endif
| #ifdef HAVE_STRING_H
| # if !defined STDC_HEADERS && defined HAVE_MEMORY_H
| #  include <memory.h>
| # endif
| # include <string.h>
| #endif
| #ifdef HAVE_STRINGS_H
| # include <strings.h>
| #endif
| #ifdef HAVE_INTTYPES_H
| # include <inttypes.h>
| #endif
| #ifdef HAVE_STDINT_H
| # include <stdint.h>
| #endif
| #ifdef HAVE_UNISTD_H
| # include <unistd.h>
| #endif
| 	        enum { N = 32 / 2 - 1 };
| int
| main ()
| {
| static int test_array [1 - 2 * !((int32_t) (((((int32_t) 1 << N) << N) - 1) * 2 + 1)
| 		 < (int32_t) (((((int32_t) 1 << N) << N) - 1) * 2 + 2))];
| test_array [0] = 0;
| return test_array [0];
| 
|   ;
|   return 0;
| }
configure:17409: result: yes
configure:17420: checking for int64_t
configure:17420: gcc -c -g -O2 -std=c99 -Wall  conftest.c >&5
configure:17420: $? = 0
configure:17420: gcc -c -g -O2 -std=c99 -Wall  conftest.c >&5
conftest.c:71:53: warning: overflow in expression; result is -9223372036854775808 with type 'long long' [-Winteger-overflow]
                 < (int64_t) (((((int64_t) 1 << N) << N) - 1) * 2 + 2))];
                                                                  ^
conftest.c:70:24: error: 'test_array' declared as an array with a negative size
static int test_array [1 - 2 * !((int64_t) (((((int64_t) 1 << N) << N) - 1) * 2 + 1)
                       ^~~~~~~~~~~~~~~~~~~~~~~~~~~~~~~~~~~~~~~~~~~~~~~~~~~~~~~~~~~~~
1 warning and 1 error generated.
configure:17420: $? = 1
configure: failed program was:
| /* confdefs.h */
| #define PACKAGE_NAME "libde265"
| #define PACKAGE_TARNAME "libde265"
| #define PACKAGE_VERSION "1.0.5"
| #define PACKAGE_STRING "libde265 1.0.5"
| #define PACKAGE_BUGREPORT "farin@struktur.de"
| #define PACKAGE_URL ""
| #define STDC_HEADERS 1
| #define HAVE_SYS_TYPES_H 1
| #define HAVE_SYS_STAT_H 1
| #define HAVE_STDLIB_H 1
| #define HAVE_STRING_H 1
| #define HAVE_MEMORY_H 1
| #define HAVE_STRINGS_H 1
| #define HAVE_INTTYPES_H 1
| #define HAVE_STDINT_H 1
| #define HAVE_UNISTD_H 1
| #define HAVE_DLFCN_H 1
| #define LT_OBJDIR ".libs/"
| #define PACKAGE "libde265"
| #define VERSION "1.0.5"
| #define HAVE_STDINT_H 1
| #define HAVE_STDLIB_H 1
| #define HAVE_STRING_H 1
| #define HAVE_SIGNAL_H 1
| #define HAVE_SETJMP_H 1
| #define HAVE_STDDEF_H 1
| #define HAVE_SYS_TIME_H 1
| #define HAVE_CSTDINT 1
| #define HAVE__BOOL 1
| #define HAVE_STDBOOL_H 1
| /* end confdefs.h.  */
| #include <stdio.h>
| #ifdef HAVE_SYS_TYPES_H
| # include <sys/types.h>
| #endif
| #ifdef HAVE_SYS_STAT_H
| # include <sys/stat.h>
| #endif
| #ifdef STDC_HEADERS
| # include <stdlib.h>
| # include <stddef.h>
| #else
| # ifdef HAVE_STDLIB_H
| #  include <stdlib.h>
| # endif
| #endif
| #ifdef HAVE_STRING_H
| # if !defined STDC_HEADERS && defined HAVE_MEMORY_H
| #  include <memory.h>
| # endif
| # include <string.h>
| #endif
| #ifdef HAVE_STRINGS_H
| # include <strings.h>
| #endif
| #ifdef HAVE_INTTYPES_H
| # include <inttypes.h>
| #endif
| #ifdef HAVE_STDINT_H
| # include <stdint.h>
| #endif
| #ifdef HAVE_UNISTD_H
| # include <unistd.h>
| #endif
| 	        enum { N = 64 / 2 - 1 };
| int
| main ()
| {
| static int test_array [1 - 2 * !((int64_t) (((((int64_t) 1 << N) << N) - 1) * 2 + 1)
| 		 < (int64_t) (((((int64_t) 1 << N) << N) - 1) * 2 + 2))];
| test_array [0] = 0;
| return test_array [0];
| 
|   ;
|   return 0;
| }
configure:17420: result: yes
configure:17431: checking for uint8_t
configure:17431: gcc -c -g -O2 -std=c99 -Wall  conftest.c >&5
configure:17431: $? = 0
configure:17431: result: yes
configure:17445: checking for uint16_t
configure:17445: gcc -c -g -O2 -std=c99 -Wall  conftest.c >&5
configure:17445: $? = 0
configure:17445: result: yes
configure:17457: checking for uint32_t
configure:17457: gcc -c -g -O2 -std=c99 -Wall  conftest.c >&5
configure:17457: $? = 0
configure:17457: result: yes
configure:17471: checking for uint64_t
configure:17471: gcc -c -g -O2 -std=c99 -Wall  conftest.c >&5
configure:17471: $? = 0
configure:17471: result: yes
configure:17485: checking for ptrdiff_t
configure:17485: gcc -c -g -O2 -std=c99 -Wall  conftest.c >&5
configure:17485: $? = 0
configure:17485: gcc -c -g -O2 -std=c99 -Wall  conftest.c >&5
conftest.c:69:24: error: expected expression
if (sizeof ((ptrdiff_t)))
                       ^
1 error generated.
configure:17485: $? = 1
configure: failed program was:
| /* confdefs.h */
| #define PACKAGE_NAME "libde265"
| #define PACKAGE_TARNAME "libde265"
| #define PACKAGE_VERSION "1.0.5"
| #define PACKAGE_STRING "libde265 1.0.5"
| #define PACKAGE_BUGREPORT "farin@struktur.de"
| #define PACKAGE_URL ""
| #define STDC_HEADERS 1
| #define HAVE_SYS_TYPES_H 1
| #define HAVE_SYS_STAT_H 1
| #define HAVE_STDLIB_H 1
| #define HAVE_STRING_H 1
| #define HAVE_MEMORY_H 1
| #define HAVE_STRINGS_H 1
| #define HAVE_INTTYPES_H 1
| #define HAVE_STDINT_H 1
| #define HAVE_UNISTD_H 1
| #define HAVE_DLFCN_H 1
| #define LT_OBJDIR ".libs/"
| #define PACKAGE "libde265"
| #define VERSION "1.0.5"
| #define HAVE_STDINT_H 1
| #define HAVE_STDLIB_H 1
| #define HAVE_STRING_H 1
| #define HAVE_SIGNAL_H 1
| #define HAVE_SETJMP_H 1
| #define HAVE_STDDEF_H 1
| #define HAVE_SYS_TIME_H 1
| #define HAVE_CSTDINT 1
| #define HAVE__BOOL 1
| #define HAVE_STDBOOL_H 1
| /* end confdefs.h.  */
| #include <stdio.h>
| #ifdef HAVE_SYS_TYPES_H
| # include <sys/types.h>
| #endif
| #ifdef HAVE_SYS_STAT_H
| # include <sys/stat.h>
| #endif
| #ifdef STDC_HEADERS
| # include <stdlib.h>
| # include <stddef.h>
| #else
| # ifdef HAVE_STDLIB_H
| #  include <stdlib.h>
| # endif
| #endif
| #ifdef HAVE_STRING_H
| # if !defined STDC_HEADERS && defined HAVE_MEMORY_H
| #  include <memory.h>
| # endif
| # include <string.h>
| #endif
| #ifdef HAVE_STRINGS_H
| # include <strings.h>
| #endif
| #ifdef HAVE_INTTYPES_H
| # include <inttypes.h>
| #endif
| #ifdef HAVE_STDINT_H
| # include <stdint.h>
| #endif
| #ifdef HAVE_UNISTD_H
| # include <unistd.h>
| #endif
| int
| main ()
| {
| if (sizeof ((ptrdiff_t)))
| 	    return 0;
|   ;
|   return 0;
| }
configure:17485: result: yes
configure:17495: checking for inline
configure:17511: gcc -c -g -O2 -std=c99 -Wall  conftest.c >&5
conftest.c:36:21: warning: unused function 'static_foo' [-Wunused-function]
static inline foo_t static_foo () {return 0; }
                    ^
1 warning generated.
configure:17511: $? = 0
configure:17519: result: inline
configure:17542: checking for malloc
configure:17542: gcc -o conftest -g -O2 -std=c99 -Wall   conftest.c  >&5
conftest.c:57:6: warning: incompatible redeclaration of library function 'malloc' [-Wincompatible-library-redeclaration]
char malloc ();
     ^
conftest.c:57:6: note: 'malloc' is a builtin with type 'void *(unsigned long)'
1 warning generated.
configure:17542: $? = 0
configure:17542: result: yes
configure:17542: checking for memmove
configure:17542: gcc -o conftest -g -O2 -std=c99 -Wall   conftest.c  >&5
conftest.c:58:6: warning: incompatible redeclaration of library function 'memmove' [-Wincompatible-library-redeclaration]
char memmove ();
     ^
conftest.c:58:6: note: 'memmove' is a builtin with type 'void *(void *, const void *, unsigned long)'
1 warning generated.
configure:17542: $? = 0
configure:17542: result: yes
configure:17542: checking for memset
configure:17542: gcc -o conftest -g -O2 -std=c99 -Wall   conftest.c  >&5
conftest.c:59:6: warning: incompatible redeclaration of library function 'memset' [-Wincompatible-library-redeclaration]
char memset ();
     ^
conftest.c:59:6: note: 'memset' is a builtin with type 'void *(void *, int, unsigned long)'
1 warning generated.
configure:17542: $? = 0
configure:17542: result: yes
configure:17542: checking for __malloc_hook
configure:17542: gcc -o conftest -g -O2 -std=c99 -Wall   conftest.c  >&5
Undefined symbols for architecture x86_64:
  "___malloc_hook", referenced from:
      _main in conftest-d064eb.o
ld: symbol(s) not found for architecture x86_64
clang: error: linker command failed with exit code 1 (use -v to see invocation)
configure:17542: $? = 1
configure: failed program was:
| /* confdefs.h */
| #define PACKAGE_NAME "libde265"
| #define PACKAGE_TARNAME "libde265"
| #define PACKAGE_VERSION "1.0.5"
| #define PACKAGE_STRING "libde265 1.0.5"
| #define PACKAGE_BUGREPORT "farin@struktur.de"
| #define PACKAGE_URL ""
| #define STDC_HEADERS 1
| #define HAVE_SYS_TYPES_H 1
| #define HAVE_SYS_STAT_H 1
| #define HAVE_STDLIB_H 1
| #define HAVE_STRING_H 1
| #define HAVE_MEMORY_H 1
| #define HAVE_STRINGS_H 1
| #define HAVE_INTTYPES_H 1
| #define HAVE_STDINT_H 1
| #define HAVE_UNISTD_H 1
| #define HAVE_DLFCN_H 1
| #define LT_OBJDIR ".libs/"
| #define PACKAGE "libde265"
| #define VERSION "1.0.5"
| #define HAVE_STDINT_H 1
| #define HAVE_STDLIB_H 1
| #define HAVE_STRING_H 1
| #define HAVE_SIGNAL_H 1
| #define HAVE_SETJMP_H 1
| #define HAVE_STDDEF_H 1
| #define HAVE_SYS_TIME_H 1
| #define HAVE_CSTDINT 1
| #define HAVE__BOOL 1
| #define HAVE_STDBOOL_H 1
| #define HAVE_PTRDIFF_T 1
| #define HAVE_MALLOC 1
| #define HAVE_MEMMOVE 1
| #define HAVE_MEMSET 1
| /* end confdefs.h.  */
| /* Define __malloc_hook to an innocuous variant, in case <limits.h> declares __malloc_hook.
|    For example, HP-UX 11i <limits.h> declares gettimeofday.  */
| #define __malloc_hook innocuous___malloc_hook
| 
| /* System header to define __stub macros and hopefully few prototypes,
|     which can conflict with char __malloc_hook (); below.
|     Prefer <limits.h> to <assert.h> if __STDC__ is defined, since
|     <limits.h> exists even on freestanding compilers.  */
| 
| #ifdef __STDC__
| # include <limits.h>
| #else
| # include <assert.h>
| #endif
| 
| #undef __malloc_hook
| 
| /* Override any GCC internal prototype to avoid an error.
|    Use char because int might match the return type of a GCC
|    builtin and then its argument prototype would still apply.  */
| #ifdef __cplusplus
| extern "C"
| #endif
| char __malloc_hook ();
| /* The GNU C library defines this for functions which it implements
|     to always fail with ENOSYS.  Some functions are actually named
|     something starting with __ and the normal name is an alias.  */
| #if defined __stub___malloc_hook || defined __stub_____malloc_hook
| choke me
| #endif
| 
| int
| main ()
| {
| return __malloc_hook ();
|   ;
|   return 0;
| }
configure:17542: result: no
configure:17542: checking for memalign
configure:17542: gcc -o conftest -g -O2 -std=c99 -Wall   conftest.c  >&5
Undefined symbols for architecture x86_64:
  "_memalign", referenced from:
      _main in conftest-3b741d.o
ld: symbol(s) not found for architecture x86_64
clang: error: linker command failed with exit code 1 (use -v to see invocation)
configure:17542: $? = 1
configure: failed program was:
| /* confdefs.h */
| #define PACKAGE_NAME "libde265"
| #define PACKAGE_TARNAME "libde265"
| #define PACKAGE_VERSION "1.0.5"
| #define PACKAGE_STRING "libde265 1.0.5"
| #define PACKAGE_BUGREPORT "farin@struktur.de"
| #define PACKAGE_URL ""
| #define STDC_HEADERS 1
| #define HAVE_SYS_TYPES_H 1
| #define HAVE_SYS_STAT_H 1
| #define HAVE_STDLIB_H 1
| #define HAVE_STRING_H 1
| #define HAVE_MEMORY_H 1
| #define HAVE_STRINGS_H 1
| #define HAVE_INTTYPES_H 1
| #define HAVE_STDINT_H 1
| #define HAVE_UNISTD_H 1
| #define HAVE_DLFCN_H 1
| #define LT_OBJDIR ".libs/"
| #define PACKAGE "libde265"
| #define VERSION "1.0.5"
| #define HAVE_STDINT_H 1
| #define HAVE_STDLIB_H 1
| #define HAVE_STRING_H 1
| #define HAVE_SIGNAL_H 1
| #define HAVE_SETJMP_H 1
| #define HAVE_STDDEF_H 1
| #define HAVE_SYS_TIME_H 1
| #define HAVE_CSTDINT 1
| #define HAVE__BOOL 1
| #define HAVE_STDBOOL_H 1
| #define HAVE_PTRDIFF_T 1
| #define HAVE_MALLOC 1
| #define HAVE_MEMMOVE 1
| #define HAVE_MEMSET 1
| /* end confdefs.h.  */
| /* Define memalign to an innocuous variant, in case <limits.h> declares memalign.
|    For example, HP-UX 11i <limits.h> declares gettimeofday.  */
| #define memalign innocuous_memalign
| 
| /* System header to define __stub macros and hopefully few prototypes,
|     which can conflict with char memalign (); below.
|     Prefer <limits.h> to <assert.h> if __STDC__ is defined, since
|     <limits.h> exists even on freestanding compilers.  */
| 
| #ifdef __STDC__
| # include <limits.h>
| #else
| # include <assert.h>
| #endif
| 
| #undef memalign
| 
| /* Override any GCC internal prototype to avoid an error.
|    Use char because int might match the return type of a GCC
|    builtin and then its argument prototype would still apply.  */
| #ifdef __cplusplus
| extern "C"
| #endif
| char memalign ();
| /* The GNU C library defines this for functions which it implements
|     to always fail with ENOSYS.  Some functions are actually named
|     something starting with __ and the normal name is an alias.  */
| #if defined __stub_memalign || defined __stub___memalign
| choke me
| #endif
| 
| int
| main ()
| {
| return memalign ();
|   ;
|   return 0;
| }
configure:17542: result: no
configure:17542: checking for posix_memalign
configure:17542: gcc -o conftest -g -O2 -std=c99 -Wall   conftest.c  >&5
configure:17542: $? = 0
configure:17542: result: yes
configure:17542: checking for __mingw_aligned_malloc
configure:17542: gcc -o conftest -g -O2 -std=c99 -Wall   conftest.c  >&5
Undefined symbols for architecture x86_64:
  "___mingw_aligned_malloc", referenced from:
      _main in conftest-62e0b8.o
ld: symbol(s) not found for architecture x86_64
clang: error: linker command failed with exit code 1 (use -v to see invocation)
configure:17542: $? = 1
configure: failed program was:
| /* confdefs.h */
| #define PACKAGE_NAME "libde265"
| #define PACKAGE_TARNAME "libde265"
| #define PACKAGE_VERSION "1.0.5"
| #define PACKAGE_STRING "libde265 1.0.5"
| #define PACKAGE_BUGREPORT "farin@struktur.de"
| #define PACKAGE_URL ""
| #define STDC_HEADERS 1
| #define HAVE_SYS_TYPES_H 1
| #define HAVE_SYS_STAT_H 1
| #define HAVE_STDLIB_H 1
| #define HAVE_STRING_H 1
| #define HAVE_MEMORY_H 1
| #define HAVE_STRINGS_H 1
| #define HAVE_INTTYPES_H 1
| #define HAVE_STDINT_H 1
| #define HAVE_UNISTD_H 1
| #define HAVE_DLFCN_H 1
| #define LT_OBJDIR ".libs/"
| #define PACKAGE "libde265"
| #define VERSION "1.0.5"
| #define HAVE_STDINT_H 1
| #define HAVE_STDLIB_H 1
| #define HAVE_STRING_H 1
| #define HAVE_SIGNAL_H 1
| #define HAVE_SETJMP_H 1
| #define HAVE_STDDEF_H 1
| #define HAVE_SYS_TIME_H 1
| #define HAVE_CSTDINT 1
| #define HAVE__BOOL 1
| #define HAVE_STDBOOL_H 1
| #define HAVE_PTRDIFF_T 1
| #define HAVE_MALLOC 1
| #define HAVE_MEMMOVE 1
| #define HAVE_MEMSET 1
| #define HAVE_POSIX_MEMALIGN 1
| /* end confdefs.h.  */
| /* Define __mingw_aligned_malloc to an innocuous variant, in case <limits.h> declares __mingw_aligned_malloc.
|    For example, HP-UX 11i <limits.h> declares gettimeofday.  */
| #define __mingw_aligned_malloc innocuous___mingw_aligned_malloc
| 
| /* System header to define __stub macros and hopefully few prototypes,
|     which can conflict with char __mingw_aligned_malloc (); below.
|     Prefer <limits.h> to <assert.h> if __STDC__ is defined, since
|     <limits.h> exists even on freestanding compilers.  */
| 
| #ifdef __STDC__
| # include <limits.h>
| #else
| # include <assert.h>
| #endif
| 
| #undef __mingw_aligned_malloc
| 
| /* Override any GCC internal prototype to avoid an error.
|    Use char because int might match the return type of a GCC
|    builtin and then its argument prototype would still apply.  */
| #ifdef __cplusplus
| extern "C"
| #endif
| char __mingw_aligned_malloc ();
| /* The GNU C library defines this for functions which it implements
|     to always fail with ENOSYS.  Some functions are actually named
|     something starting with __ and the normal name is an alias.  */
| #if defined __stub___mingw_aligned_malloc || defined __stub_____mingw_aligned_malloc
| choke me
| #endif
| 
| int
| main ()
| {
| return __mingw_aligned_malloc ();
|   ;
|   return 0;
| }
configure:17542: result: no
configure:17542: checking for __mingw_aligned_free
configure:17542: gcc -o conftest -g -O2 -std=c99 -Wall   conftest.c  >&5
Undefined symbols for architecture x86_64:
  "___mingw_aligned_free", referenced from:
      _main in conftest-843da0.o
ld: symbol(s) not found for architecture x86_64
clang: error: linker command failed with exit code 1 (use -v to see invocation)
configure:17542: $? = 1
configure: failed program was:
| /* confdefs.h */
| #define PACKAGE_NAME "libde265"
| #define PACKAGE_TARNAME "libde265"
| #define PACKAGE_VERSION "1.0.5"
| #define PACKAGE_STRING "libde265 1.0.5"
| #define PACKAGE_BUGREPORT "farin@struktur.de"
| #define PACKAGE_URL ""
| #define STDC_HEADERS 1
| #define HAVE_SYS_TYPES_H 1
| #define HAVE_SYS_STAT_H 1
| #define HAVE_STDLIB_H 1
| #define HAVE_STRING_H 1
| #define HAVE_MEMORY_H 1
| #define HAVE_STRINGS_H 1
| #define HAVE_INTTYPES_H 1
| #define HAVE_STDINT_H 1
| #define HAVE_UNISTD_H 1
| #define HAVE_DLFCN_H 1
| #define LT_OBJDIR ".libs/"
| #define PACKAGE "libde265"
| #define VERSION "1.0.5"
| #define HAVE_STDINT_H 1
| #define HAVE_STDLIB_H 1
| #define HAVE_STRING_H 1
| #define HAVE_SIGNAL_H 1
| #define HAVE_SETJMP_H 1
| #define HAVE_STDDEF_H 1
| #define HAVE_SYS_TIME_H 1
| #define HAVE_CSTDINT 1
| #define HAVE__BOOL 1
| #define HAVE_STDBOOL_H 1
| #define HAVE_PTRDIFF_T 1
| #define HAVE_MALLOC 1
| #define HAVE_MEMMOVE 1
| #define HAVE_MEMSET 1
| #define HAVE_POSIX_MEMALIGN 1
| /* end confdefs.h.  */
| /* Define __mingw_aligned_free to an innocuous variant, in case <limits.h> declares __mingw_aligned_free.
|    For example, HP-UX 11i <limits.h> declares gettimeofday.  */
| #define __mingw_aligned_free innocuous___mingw_aligned_free
| 
| /* System header to define __stub macros and hopefully few prototypes,
|     which can conflict with char __mingw_aligned_free (); below.
|     Prefer <limits.h> to <assert.h> if __STDC__ is defined, since
|     <limits.h> exists even on freestanding compilers.  */
| 
| #ifdef __STDC__
| # include <limits.h>
| #else
| # include <assert.h>
| #endif
| 
| #undef __mingw_aligned_free
| 
| /* Override any GCC internal prototype to avoid an error.
|    Use char because int might match the return type of a GCC
|    builtin and then its argument prototype would still apply.  */
| #ifdef __cplusplus
| extern "C"
| #endif
| char __mingw_aligned_free ();
| /* The GNU C library defines this for functions which it implements
|     to always fail with ENOSYS.  Some functions are actually named
|     something starting with __ and the normal name is an alias.  */
| #if defined __stub___mingw_aligned_free || defined __stub_____mingw_aligned_free
| choke me
| #endif
| 
| int
| main ()
| {
| return __mingw_aligned_free ();
|   ;
|   return 0;
| }
configure:17542: result: no
configure:17552: checking for library containing pow
configure:17583: gcc -o conftest -g -O2 -std=c99 -Wall   conftest.c  >&5
conftest.c:45:6: warning: incompatible redeclaration of library function 'pow' [-Wincompatible-library-redeclaration]
char pow ();
     ^
conftest.c:45:6: note: 'pow' is a builtin with type 'double (double, double)'
1 warning generated.
configure:17583: $? = 0
configure:17600: result: none required
configure:17608: checking for library containing sqrt
configure:17639: gcc -o conftest -g -O2 -std=c99 -Wall   conftest.c  >&5
conftest.c:45:6: warning: incompatible redeclaration of library function 'sqrt' [-Wincompatible-library-redeclaration]
char sqrt ();
     ^
conftest.c:45:6: note: 'sqrt' is a builtin with type 'double (double)'
1 warning generated.
configure:17639: $? = 0
configure:17656: result: none required
configure:17664: checking for library containing pthread_create
configure:17695: gcc -o conftest -g -O2 -std=c99 -Wall   conftest.c  >&5
configure:17695: $? = 0
configure:17712: result: none required
configure:17723: checking for gettimeofday
configure:17723: gcc -o conftest -g -O2 -std=c99 -Wall   conftest.c  >&5
configure:17723: $? = 0
configure:17723: result: yes
configure:17735: checking for pow
configure:17735: gcc -o conftest -g -O2 -std=c99 -Wall   conftest.c  >&5
conftest.c:62:6: warning: incompatible redeclaration of library function 'pow' [-Wincompatible-library-redeclaration]
char pow ();
     ^
conftest.c:62:6: note: 'pow' is a builtin with type 'double (double, double)'
1 warning generated.
configure:17735: $? = 0
configure:17735: result: yes
configure:17735: checking for sqrt
configure:17735: gcc -o conftest -g -O2 -std=c99 -Wall   conftest.c  >&5
conftest.c:63:6: warning: incompatible redeclaration of library function 'sqrt' [-Wincompatible-library-redeclaration]
char sqrt ();
     ^
conftest.c:63:6: note: 'sqrt' is a builtin with type 'double (double)'
1 warning generated.
configure:17735: $? = 0
configure:17735: result: yes
configure:17747: checking for strchr
configure:17747: gcc -o conftest -g -O2 -std=c99 -Wall   conftest.c  >&5
conftest.c:64:6: warning: incompatible redeclaration of library function 'strchr' [-Wincompatible-library-redeclaration]
char strchr ();
     ^
conftest.c:64:6: note: 'strchr' is a builtin with type 'char *(const char *, int)'
1 warning generated.
configure:17747: $? = 0
configure:17747: result: yes
configure:17747: checking for strrchr
configure:17747: gcc -o conftest -g -O2 -std=c99 -Wall   conftest.c  >&5
conftest.c:65:6: warning: incompatible redeclaration of library function 'strrchr' [-Wincompatible-library-redeclaration]
char strrchr ();
     ^
conftest.c:65:6: note: 'strrchr' is a builtin with type 'char *(const char *, int)'
1 warning generated.
configure:17747: $? = 0
configure:17747: result: yes
configure:17759: checking for working alloca.h
configure:17776: gcc -o conftest -g -O2 -std=c99 -Wall   conftest.c  >&5
configure:17776: $? = 0
configure:17784: result: yes
configure:17792: checking for alloca
configure:17829: gcc -o conftest -g -O2 -std=c99 -Wall   conftest.c  >&5
configure:17829: $? = 0
configure:17837: result: yes
configure:17943: checking for error_at_line
configure:17959: gcc -o conftest -g -O2 -std=c99 -Wall   conftest.c  >&5
conftest.c:45:10: fatal error: 'error.h' file not found
#include <error.h>
         ^~~~~~~~~
1 error generated.
configure:17959: $? = 1
configure: failed program was:
| /* confdefs.h */
| #define PACKAGE_NAME "libde265"
| #define PACKAGE_TARNAME "libde265"
| #define PACKAGE_VERSION "1.0.5"
| #define PACKAGE_STRING "libde265 1.0.5"
| #define PACKAGE_BUGREPORT "farin@struktur.de"
| #define PACKAGE_URL ""
| #define STDC_HEADERS 1
| #define HAVE_SYS_TYPES_H 1
| #define HAVE_SYS_STAT_H 1
| #define HAVE_STDLIB_H 1
| #define HAVE_STRING_H 1
| #define HAVE_MEMORY_H 1
| #define HAVE_STRINGS_H 1
| #define HAVE_INTTYPES_H 1
| #define HAVE_STDINT_H 1
| #define HAVE_UNISTD_H 1
| #define HAVE_DLFCN_H 1
| #define LT_OBJDIR ".libs/"
| #define PACKAGE "libde265"
| #define VERSION "1.0.5"
| #define HAVE_STDINT_H 1
| #define HAVE_STDLIB_H 1
| #define HAVE_STRING_H 1
| #define HAVE_SIGNAL_H 1
| #define HAVE_SETJMP_H 1
| #define HAVE_STDDEF_H 1
| #define HAVE_SYS_TIME_H 1
| #define HAVE_CSTDINT 1
| #define HAVE__BOOL 1
| #define HAVE_STDBOOL_H 1
| #define HAVE_PTRDIFF_T 1
| #define HAVE_MALLOC 1
| #define HAVE_MEMMOVE 1
| #define HAVE_MEMSET 1
| #define HAVE_POSIX_MEMALIGN 1
| #define HAVE_GETTIMEOFDAY 1
| #define HAVE_POW 1
| #define HAVE_SQRT 1
| #define HAVE_STRCHR 1
| #define HAVE_STRRCHR 1
| #define HAVE_ALLOCA_H 1
| #define HAVE_ALLOCA 1
| /* end confdefs.h.  */
| #include <error.h>
| int
| main ()
| {
| error_at_line (0, 0, "", 0, "an error occurred");
|   ;
|   return 0;
| }
configure:17967: result: no
configure:17982: checking whether time.h and sys/time.h may both be included
configure:18002: gcc -c -g -O2 -std=c99 -Wall  conftest.c >&5
configure:18002: $? = 0
configure:18009: result: yes
configure:18023: checking for sys/time.h
configure:18023: result: yes
configure:18023: checking for unistd.h
configure:18023: result: yes
configure:18044: checking for alarm
configure:18044: gcc -o conftest -g -O2 -std=c99 -Wall   conftest.c  >&5
configure:18044: $? = 0
configure:18044: result: yes
configure:18057: checking for working mktime
configure:18259: gcc -o conftest -g -O2 -std=c99 -Wall   conftest.c  >&5
configure:18259: $? = 0
configure:18259: ./conftest
configure:18259: $? = 1
configure: program exited with status 1
configure: failed program was:
| /* confdefs.h */
| #define PACKAGE_NAME "libde265"
| #define PACKAGE_TARNAME "libde265"
| #define PACKAGE_VERSION "1.0.5"
| #define PACKAGE_STRING "libde265 1.0.5"
| #define PACKAGE_BUGREPORT "farin@struktur.de"
| #define PACKAGE_URL ""
| #define STDC_HEADERS 1
| #define HAVE_SYS_TYPES_H 1
| #define HAVE_SYS_STAT_H 1
| #define HAVE_STDLIB_H 1
| #define HAVE_STRING_H 1
| #define HAVE_MEMORY_H 1
| #define HAVE_STRINGS_H 1
| #define HAVE_INTTYPES_H 1
| #define HAVE_STDINT_H 1
| #define HAVE_UNISTD_H 1
| #define HAVE_DLFCN_H 1
| #define LT_OBJDIR ".libs/"
| #define PACKAGE "libde265"
| #define VERSION "1.0.5"
| #define HAVE_STDINT_H 1
| #define HAVE_STDLIB_H 1
| #define HAVE_STRING_H 1
| #define HAVE_SIGNAL_H 1
| #define HAVE_SETJMP_H 1
| #define HAVE_STDDEF_H 1
| #define HAVE_SYS_TIME_H 1
| #define HAVE_CSTDINT 1
| #define HAVE__BOOL 1
| #define HAVE_STDBOOL_H 1
| #define HAVE_PTRDIFF_T 1
| #define HAVE_MALLOC 1
| #define HAVE_MEMMOVE 1
| #define HAVE_MEMSET 1
| #define HAVE_POSIX_MEMALIGN 1
| #define HAVE_GETTIMEOFDAY 1
| #define HAVE_POW 1
| #define HAVE_SQRT 1
| #define HAVE_STRCHR 1
| #define HAVE_STRRCHR 1
| #define HAVE_ALLOCA_H 1
| #define HAVE_ALLOCA 1
| #define TIME_WITH_SYS_TIME 1
| #define HAVE_SYS_TIME_H 1
| #define HAVE_UNISTD_H 1
| #define HAVE_ALARM 1
| /* end confdefs.h.  */
| /* Test program from Paul Eggert and Tony Leneis.  */
| #ifdef TIME_WITH_SYS_TIME
| # include <sys/time.h>
| # include <time.h>
| #else
| # ifdef HAVE_SYS_TIME_H
| #  include <sys/time.h>
| # else
| #  include <time.h>
| # endif
| #endif
| 
| #include <limits.h>
| #include <stdlib.h>
| 
| #ifdef HAVE_UNISTD_H
| # include <unistd.h>
| #endif
| 
| #ifndef HAVE_ALARM
| # define alarm(X) /* empty */
| #endif
| 
| /* Work around redefinition to rpl_putenv by other config tests.  */
| #undef putenv
| 
| static time_t time_t_max;
| static time_t time_t_min;
| 
| /* Values we'll use to set the TZ environment variable.  */
| static const char *tz_strings[] = {
|   (const char *) 0, "TZ=GMT0", "TZ=JST-9",
|   "TZ=EST+3EDT+2,M10.1.0/00:00:00,M2.3.0/00:00:00"
| };
| #define N_STRINGS (sizeof (tz_strings) / sizeof (tz_strings[0]))
| 
| /* Return 0 if mktime fails to convert a date in the spring-forward gap.
|    Based on a problem report from Andreas Jaeger.  */
| static int
| spring_forward_gap ()
| {
|   /* glibc (up to about 1998-10-07) failed this test. */
|   struct tm tm;
| 
|   /* Use the portable POSIX.1 specification "TZ=PST8PDT,M4.1.0,M10.5.0"
|      instead of "TZ=America/Vancouver" in order to detect the bug even
|      on systems that don't support the Olson extension, or don't have the
|      full zoneinfo tables installed.  */
|   putenv ((char*) "TZ=PST8PDT,M4.1.0,M10.5.0");
| 
|   tm.tm_year = 98;
|   tm.tm_mon = 3;
|   tm.tm_mday = 5;
|   tm.tm_hour = 2;
|   tm.tm_min = 0;
|   tm.tm_sec = 0;
|   tm.tm_isdst = -1;
|   return mktime (&tm) != (time_t) -1;
| }
| 
| static int
| mktime_test1 (time_t now)
| {
|   struct tm *lt;
|   return ! (lt = localtime (&now)) || mktime (lt) == now;
| }
| 
| static int
| mktime_test (time_t now)
| {
|   return (mktime_test1 (now)
| 	  && mktime_test1 ((time_t) (time_t_max - now))
| 	  && mktime_test1 ((time_t) (time_t_min + now)));
| }
| 
| static int
| irix_6_4_bug ()
| {
|   /* Based on code from Ariel Faigon.  */
|   struct tm tm;
|   tm.tm_year = 96;
|   tm.tm_mon = 3;
|   tm.tm_mday = 0;
|   tm.tm_hour = 0;
|   tm.tm_min = 0;
|   tm.tm_sec = 0;
|   tm.tm_isdst = -1;
|   mktime (&tm);
|   return tm.tm_mon == 2 && tm.tm_mday == 31;
| }
| 
| static int
| bigtime_test (int j)
| {
|   struct tm tm;
|   time_t now;
|   tm.tm_year = tm.tm_mon = tm.tm_mday = tm.tm_hour = tm.tm_min = tm.tm_sec = j;
|   now = mktime (&tm);
|   if (now != (time_t) -1)
|     {
|       struct tm *lt = localtime (&now);
|       if (! (lt
| 	     && lt->tm_year == tm.tm_year
| 	     && lt->tm_mon == tm.tm_mon
| 	     && lt->tm_mday == tm.tm_mday
| 	     && lt->tm_hour == tm.tm_hour
| 	     && lt->tm_min == tm.tm_min
| 	     && lt->tm_sec == tm.tm_sec
| 	     && lt->tm_yday == tm.tm_yday
| 	     && lt->tm_wday == tm.tm_wday
| 	     && ((lt->tm_isdst < 0 ? -1 : 0 < lt->tm_isdst)
| 		  == (tm.tm_isdst < 0 ? -1 : 0 < tm.tm_isdst))))
| 	return 0;
|     }
|   return 1;
| }
| 
| static int
| year_2050_test ()
| {
|   /* The correct answer for 2050-02-01 00:00:00 in Pacific time,
|      ignoring leap seconds.  */
|   unsigned long int answer = 2527315200UL;
| 
|   struct tm tm;
|   time_t t;
|   tm.tm_year = 2050 - 1900;
|   tm.tm_mon = 2 - 1;
|   tm.tm_mday = 1;
|   tm.tm_hour = tm.tm_min = tm.tm_sec = 0;
|   tm.tm_isdst = -1;
| 
|   /* Use the portable POSIX.1 specification "TZ=PST8PDT,M4.1.0,M10.5.0"
|      instead of "TZ=America/Vancouver" in order to detect the bug even
|      on systems that don't support the Olson extension, or don't have the
|      full zoneinfo tables installed.  */
|   putenv ((char*) "TZ=PST8PDT,M4.1.0,M10.5.0");
| 
|   t = mktime (&tm);
| 
|   /* Check that the result is either a failure, or close enough
|      to the correct answer that we can assume the discrepancy is
|      due to leap seconds.  */
|   return (t == (time_t) -1
| 	  || (0 < t && answer - 120 <= t && t <= answer + 120));
| }
| 
| int
| main ()
| {
|   time_t t, delta;
|   int i, j;
| 
|   /* This test makes some buggy mktime implementations loop.
|      Give up after 60 seconds; a mktime slower than that
|      isn't worth using anyway.  */
|   alarm (60);
| 
|   for (;;)
|     {
|       t = (time_t_max << 1) + 1;
|       if (t <= time_t_max)
| 	break;
|       time_t_max = t;
|     }
|   time_t_min = - ((time_t) ~ (time_t) 0 == (time_t) -1) - time_t_max;
| 
|   delta = time_t_max / 997; /* a suitable prime number */
|   for (i = 0; i < N_STRINGS; i++)
|     {
|       if (tz_strings[i])
| 	putenv ((char*) tz_strings[i]);
| 
|       for (t = 0; t <= time_t_max - delta; t += delta)
| 	if (! mktime_test (t))
| 	  return 1;
|       if (! (mktime_test ((time_t) 1)
| 	     && mktime_test ((time_t) (60 * 60))
| 	     && mktime_test ((time_t) (60 * 60 * 24))))
| 	return 1;
| 
|       for (j = 1; ; j <<= 1)
| 	if (! bigtime_test (j))
| 	  return 1;
| 	else if (INT_MAX / 2 < j)
| 	  break;
|       if (! bigtime_test (INT_MAX))
| 	return 1;
|     }
|   return ! (irix_6_4_bug () && spring_forward_gap () && year_2050_test ());
| }
configure:18269: result: no
configure:18291: checking if __STRICT_ANSI__ is required
configure:18312: g++ -c -g -O2 -Werror=return-type -Werror=unused-result -Werror=reorder -std=gnu++11  conftest.cpp >&5
configure:18312: $? = 0
configure:18328: result: no
configure:18332: checking for std::shared_ptr
configure:18356: g++ -c -g -O2 -Werror=return-type -Werror=unused-result -Werror=reorder -std=gnu++11  conftest.cpp >&5
configure:18356: $? = 0
configure:18362: result: yes
configure:18405: checking for std::move
configure:18432: g++ -c -g -O2 -Werror=return-type -Werror=unused-result -Werror=reorder -std=gnu++11  conftest.cpp >&5
configure:18432: $? = 0
configure:18449: result: yes
configure:18453: checking for nullptr
configure:18476: g++ -c -g -O2 -Werror=return-type -Werror=unused-result -Werror=reorder -std=gnu++11  conftest.cpp >&5
configure:18476: $? = 0
configure:18493: result: yes
configure:18534: checking whether C compiler accepts -msse4.1
configure:18553: gcc -c -g -O2 -std=c99 -Wall  -msse4.1  conftest.c >&5
configure:18553: $? = 0
configure:18561: result: yes
configure:19477: ---------------------------------------
configure:19479: Building dec265 example: no
configure:19481: Building sherlock265 example: no
configure:19483: Building encoder: no
configure:19485: ---------------------------------------
configure:19631: checking that generated files are newer than configure
configure:19637: result: done
configure:19708: creating ./config.status

## ---------------------- ##
## Running config.status. ##
## ---------------------- ##

This file was extended by libde265 config.status 1.0.5, which was
generated by GNU Autoconf 2.69.  Invocation command line was

  CONFIG_FILES    = 
  CONFIG_HEADERS  = 
  CONFIG_LINKS    = 
  CONFIG_COMMANDS = 
  $ ./config.status 

on GeorgeMR.local

config.status:1234: creating Makefile
config.status:1234: creating libde265/Makefile
config.status:1234: creating libde265/arm/Makefile
config.status:1234: creating libde265/x86/Makefile
config.status:1234: creating libde265/encoder/Makefile
config.status:1234: creating libde265/encoder/algo/Makefile
config.status:1234: creating libde265/de265-version.h
config.status:1234: creating dec265/Makefile
config.status:1234: creating enc265/Makefile
config.status:1234: creating sherlock265/Makefile
config.status:1234: creating tools/Makefile
config.status:1234: creating acceleration-speed/Makefile
config.status:1234: creating libde265.pc
config.status:1234: creating config.h
config.status:1415: config.h is unchanged
config.status:1463: executing libtool commands
config.status:1463: executing depfiles commands

## ---------------- ##
## Cache variables. ##
## ---------------- ##

ac_cv_build=x86_64-apple-darwin19.4.0
ac_cv_c_compiler_gnu=yes
ac_cv_c_inline=inline
ac_cv_c_int16_t=yes
ac_cv_c_int32_t=yes
ac_cv_c_int64_t=yes
ac_cv_c_int8_t=yes
ac_cv_c_uint16_t=yes
ac_cv_c_uint32_t=yes
ac_cv_c_uint64_t=yes
ac_cv_c_uint8_t=yes
ac_cv_cxx_compiler_gnu=yes
ac_cv_env_CCASFLAGS_set=
ac_cv_env_CCASFLAGS_value=
ac_cv_env_CCAS_set=
ac_cv_env_CCAS_value=
ac_cv_env_CCC_set=
ac_cv_env_CCC_value=
ac_cv_env_CC_set=
ac_cv_env_CC_value=
ac_cv_env_CFLAGS_set=
ac_cv_env_CFLAGS_value=
ac_cv_env_CPPFLAGS_set=
ac_cv_env_CPPFLAGS_value=
ac_cv_env_CPP_set=
ac_cv_env_CPP_value=
ac_cv_env_CXXCPP_set=
ac_cv_env_CXXCPP_value=
ac_cv_env_CXXFLAGS_set=
ac_cv_env_CXXFLAGS_value=
ac_cv_env_CXX_set=
ac_cv_env_CXX_value=
ac_cv_env_LDFLAGS_set=
ac_cv_env_LDFLAGS_value=
ac_cv_env_LIBS_set=
ac_cv_env_LIBS_value=
ac_cv_env_LT_SYS_LIBRARY_PATH_set=
ac_cv_env_LT_SYS_LIBRARY_PATH_value=
ac_cv_env_PKG_CONFIG_LIBDIR_set=
ac_cv_env_PKG_CONFIG_LIBDIR_value=
ac_cv_env_PKG_CONFIG_PATH_set=
ac_cv_env_PKG_CONFIG_PATH_value=
ac_cv_env_PKG_CONFIG_set=
ac_cv_env_PKG_CONFIG_value=
ac_cv_env_QT_CFLAGS_set=
ac_cv_env_QT_CFLAGS_value=
ac_cv_env_QT_LIBS_set=
ac_cv_env_QT_LIBS_value=
ac_cv_env_SDL_CFLAGS_set=
ac_cv_env_SDL_CFLAGS_value=
ac_cv_env_SDL_LIBS_set=
ac_cv_env_SDL_LIBS_value=
ac_cv_env_SWSCALE_CFLAGS_set=
ac_cv_env_SWSCALE_CFLAGS_value=
ac_cv_env_SWSCALE_LIBS_set=
ac_cv_env_SWSCALE_LIBS_value=
ac_cv_env_VIDEOGFX_CFLAGS_set=
ac_cv_env_VIDEOGFX_CFLAGS_value=
ac_cv_env_VIDEOGFX_LIBS_set=
ac_cv_env_VIDEOGFX_LIBS_value=
ac_cv_env_build_alias_set=
ac_cv_env_build_alias_value=
ac_cv_env_host_alias_set=
ac_cv_env_host_alias_value=
ac_cv_env_target_alias_set=
ac_cv_env_target_alias_value=
ac_cv_func___malloc_hook=no
ac_cv_func___mingw_aligned_free=no
ac_cv_func___mingw_aligned_malloc=no
ac_cv_func_alarm=yes
ac_cv_func_alloca_works=yes
ac_cv_func_gettimeofday=yes
ac_cv_func_malloc=yes
ac_cv_func_memalign=no
ac_cv_func_memmove=yes
ac_cv_func_memset=yes
ac_cv_func_posix_memalign=yes
ac_cv_func_pow=yes
ac_cv_func_sqrt=yes
ac_cv_func_strchr=yes
ac_cv_func_strrchr=yes
ac_cv_func_working_mktime=no
ac_cv_header_cstdint=yes
ac_cv_header_dlfcn_h=yes
ac_cv_header_inttypes_h=yes
ac_cv_header_malloc_h=no
ac_cv_header_memory_h=yes
ac_cv_header_setjmp_h=yes
ac_cv_header_signal_h=yes
ac_cv_header_stdbool_h=yes
ac_cv_header_stdc=yes
ac_cv_header_stddef_h=yes
ac_cv_header_stdint_h=yes
ac_cv_header_stdlib_h=yes
ac_cv_header_string_h=yes
ac_cv_header_strings_h=yes
ac_cv_header_sys_stat_h=yes
ac_cv_header_sys_time_h=yes
ac_cv_header_sys_types_h=yes
ac_cv_header_time=yes
ac_cv_header_unistd_h=yes
ac_cv_host=x86_64-apple-darwin19.4.0
ac_cv_lib_error_at_line=no
ac_cv_objext=o
ac_cv_path_EGREP='/usr/bin/grep -E'
ac_cv_path_FGREP='/usr/bin/grep -F'
ac_cv_path_GREP=/usr/bin/grep
ac_cv_path_SED=/usr/bin/sed
ac_cv_path_install='/usr/local/bin/ginstall -c'
ac_cv_path_lt_DD=/bin/dd
ac_cv_path_mkdir=/usr/local/bin/gmkdir
ac_cv_prog_AWK=awk
ac_cv_prog_CPP='gcc -E'
ac_cv_prog_CXXCPP='g++ -E'
ac_cv_prog_ac_ct_AR=ar
ac_cv_prog_ac_ct_CC=gcc
ac_cv_prog_ac_ct_CXX=g++
ac_cv_prog_ac_ct_DLLTOOL=dlltool
ac_cv_prog_ac_ct_DSYMUTIL=dsymutil
ac_cv_prog_ac_ct_LIPO=lipo
ac_cv_prog_ac_ct_NMEDIT=nmedit
ac_cv_prog_ac_ct_OBJDUMP=objdump
ac_cv_prog_ac_ct_OTOOL=otool
ac_cv_prog_ac_ct_RANLIB=ranlib
ac_cv_prog_ac_ct_STRIP=strip
ac_cv_prog_cc_c89=
ac_cv_prog_cc_g=yes
ac_cv_prog_cxx_g=yes
ac_cv_prog_make_make_set=yes
ac_cv_search_pow='none required'
ac_cv_search_pthread_create='none required'
ac_cv_search_sqrt='none required'
ac_cv_target=x86_64-apple-darwin19.4.0
ac_cv_type__Bool=yes
ac_cv_type_ptrdiff_t=yes
ac_cv_type_size_t=yes
ac_cv_working_alloca_h=yes
am_cv_CCAS_dependencies_compiler_type=gcc3
am_cv_CC_dependencies_compiler_type=gcc3
am_cv_CXX_dependencies_compiler_type=gcc3
am_cv_make_support_nested_variables=yes
am_cv_prog_cc_c_o=yes
ax_cv_check_cflags___msse4_1=yes
ax_cv_cxx_compile_cxx11=no
ax_cv_cxx_compile_cxx11__std_gnupp11=yes
ax_cv_support_sse41_ext=yes
lt_cv_apple_cc_single_mod=yes
lt_cv_ar_at_file=no
lt_cv_deplibs_check_method=pass_all
lt_cv_file_magic_cmd='$MAGIC_CMD'
lt_cv_file_magic_test_file=
lt_cv_ld_exported_symbols_list=yes
lt_cv_ld_force_load=yes
lt_cv_ld_reload_flag=-r
lt_cv_nm_interface='BSD nm'
lt_cv_objdir=.libs
lt_cv_path_LD=/Library/Developer/CommandLineTools/usr/bin/ld
lt_cv_path_LDCXX=/Library/Developer/CommandLineTools/usr/bin/ld
lt_cv_path_NM='/usr/local/opt/binutils/bin/nm -B'
lt_cv_path_mainfest_tool=no
lt_cv_prog_compiler_c_o=yes
lt_cv_prog_compiler_c_o_CXX=yes
lt_cv_prog_compiler_pic='-fno-common -DPIC'
lt_cv_prog_compiler_pic_CXX='-fno-common -DPIC'
lt_cv_prog_compiler_pic_works=yes
lt_cv_prog_compiler_pic_works_CXX=yes
lt_cv_prog_compiler_rtti_exceptions=yes
lt_cv_prog_compiler_static_works=no
lt_cv_prog_compiler_static_works_CXX=no
lt_cv_prog_gnu_ld=no
lt_cv_prog_gnu_ldcxx=no
lt_cv_sharedlib_from_linklib_cmd='printf %s\n'
lt_cv_sys_global_symbol_pipe='sed -n -e '\''s/^.*[	 ]\([ABCDGIRSTW][ABCDGIRSTW]*\)[	 ][	 ]*_\([_A-Za-z][_A-Za-z0-9]*\)$/\1 _\2 \2/p'\'' | sed '\''/ __gnu_lto/d'\'''
lt_cv_sys_global_symbol_to_c_name_address='sed -n -e '\''s/^: \(.*\) .*$/  {"\1", (void *) 0},/p'\'' -e '\''s/^[ABCDGIRSTW][ABCDGIRSTW]* .* \(.*\)$/  {"\1", (void *) \&\1},/p'\'''
lt_cv_sys_global_symbol_to_c_name_address_lib_prefix='sed -n -e '\''s/^: \(.*\) .*$/  {"\1", (void *) 0},/p'\'' -e '\''s/^[ABCDGIRSTW][ABCDGIRSTW]* .* \(lib.*\)$/  {"\1", (void *) \&\1},/p'\'' -e '\''s/^[ABCDGIRSTW][ABCDGIRSTW]* .* \(.*\)$/  {"lib\1", (void *) \&\1},/p'\'''
lt_cv_sys_global_symbol_to_cdecl='sed -n -e '\''s/^T .* \(.*\)$/extern int \1();/p'\'' -e '\''s/^[ABCDGIRSTW][ABCDGIRSTW]* .* \(.*\)$/extern char \1;/p'\'''
lt_cv_sys_global_symbol_to_import=
lt_cv_sys_max_cmd_len=196608
lt_cv_to_host_file_cmd=func_convert_file_noop
lt_cv_to_tool_file_cmd=func_convert_file_noop
lt_cv_truncate_bin='/bin/dd bs=4096 count=1'

## ----------------- ##
## Output variables. ##
## ----------------- ##

ACLOCAL='${SHELL} /Users/georgezhou/Downloads/heif/libde265-1.0.5/missing aclocal-1.15'
ALLOCA=''
AMDEPBACKSLASH='\'
AMDEP_FALSE='#'
AMDEP_TRUE=''
AMTAR='$${TAR-tar}'
AM_BACKSLASH='\'
AM_DEFAULT_V='$(AM_DEFAULT_VERBOSITY)'
AM_DEFAULT_VERBOSITY='1'
AM_V='$(V)'
AR='ar'
AUTOCONF='${SHELL} /Users/georgezhou/Downloads/heif/libde265-1.0.5/missing autoconf'
AUTOHEADER='${SHELL} /Users/georgezhou/Downloads/heif/libde265-1.0.5/missing autoheader'
AUTOMAKE='${SHELL} /Users/georgezhou/Downloads/heif/libde265-1.0.5/missing automake-1.15'
AWK='awk'
CC='gcc'
CCAS='gcc'
CCASDEPMODE='depmode=gcc3'
CCASFLAGS='-g -O2'
CCDEPMODE='depmode=gcc3'
CFLAGS='-g -O2 -std=c99 -Wall'
CPP='gcc -E'
CPPFLAGS=''
CXX='g++'
CXXCPP='g++ -E'
CXXDEPMODE='depmode=gcc3'
CXXFLAGS='-g -O2 -Werror=return-type -Werror=unused-result -Werror=reorder -std=gnu++11 -DDE265_LOG_ERROR'
CYGPATH_W='echo'
DEFS='-DHAVE_CONFIG_H'
DEPDIR='.deps'
DLLTOOL='dlltool'
DSYMUTIL='dsymutil'
DUMPBIN=''
ECHO_C='\c'
ECHO_N=''
ECHO_T=''
EGREP='/usr/bin/grep -E'
ENABLE_ARM_OPT_FALSE=''
ENABLE_ARM_OPT_TRUE='#'
ENABLE_ARM_THUMB_FALSE='#'
ENABLE_ARM_THUMB_TRUE=''
ENABLE_DEC265_FALSE=''
ENABLE_DEC265_TRUE='#'
ENABLE_ENCODER_FALSE=''
ENABLE_ENCODER_TRUE='#'
ENABLE_NEON_OPT_FALSE=''
ENABLE_NEON_OPT_TRUE='#'
ENABLE_SHERLOCK265_FALSE=''
ENABLE_SHERLOCK265_TRUE='#'
ENABLE_SSE_OPT_FALSE='#'
ENABLE_SSE_OPT_TRUE=''
EXEEXT=''
FGREP='/usr/bin/grep -F'
GREP='/usr/bin/grep'
HAVE_CXX11=''
HAVE_SDL_FALSE=''
HAVE_SDL_TRUE='#'
HAVE_SWSCALE_FALSE=''
HAVE_SWSCALE_TRUE='#'
HAVE_VIDEOGFX_FALSE=''
HAVE_VIDEOGFX_TRUE='#'
HAVE_VISIBILITY_FALSE=''
HAVE_VISIBILITY_TRUE='#'
INSTALL_DATA='${INSTALL} -m 644'
INSTALL_PROGRAM='${INSTALL}'
INSTALL_SCRIPT='${INSTALL}'
INSTALL_STRIP_PROGRAM='$(install_sh) -c -s'
LD='/Library/Developer/CommandLineTools/usr/bin/ld'
LDFLAGS=''
LIBDE265_AGE='0'
LIBDE265_CURRENT='0'
LIBDE265_REVISION='12'
LIBOBJS=' ${LIBOBJDIR}error$U.o ${LIBOBJDIR}mktime$U.o'
LIBS=''
LIBTOOL='$(SHELL) $(top_builddir)/libtool'
LIPO='lipo'
LN_S='ln -s'
LTLIBOBJS=' ${LIBOBJDIR}error$U.lo ${LIBOBJDIR}mktime$U.lo'
LT_SYS_LIBRARY_PATH=''
MAKEINFO='${SHELL} /Users/georgezhou/Downloads/heif/libde265-1.0.5/missing makeinfo'
MANIFEST_TOOL=':'
MINGW_FALSE=''
MINGW_TRUE='#'
MKDIR_P='/usr/local/bin/gmkdir -p'
NM='/usr/local/opt/binutils/bin/nm -B'
NMEDIT='nmedit'
NUMERIC_VERSION='0x01000500'
OBJDUMP='objdump'
OBJEXT='o'
OTOOL64=':'
OTOOL='otool'
PACKAGE='libde265'
PACKAGE_BUGREPORT='farin@struktur.de'
PACKAGE_NAME='libde265'
PACKAGE_STRING='libde265 1.0.5'
PACKAGE_TARNAME='libde265'
PACKAGE_URL=''
PACKAGE_VERSION='1.0.5'
PATH_SEPARATOR=':'
PKG_CONFIG=''
PKG_CONFIG_LIBDIR=''
PKG_CONFIG_PATH=''
QTCHOOSER=''
QTMOC=''
QT_CFLAGS=''
QT_LIBS=''
RANLIB='ranlib'
SDL_CFLAGS=''
SDL_LIBS=''
SED='/usr/bin/sed'
SET_MAKE=''
SHELL='/bin/sh'
STRIP='strip'
SWSCALE_CFLAGS=''
SWSCALE_LIBS=''
VERSION='1.0.5'
VIDEOGFX_CFLAGS=''
VIDEOGFX_LIBS=''
ac_ct_AR='ar'
ac_ct_CC='gcc'
ac_ct_CXX='g++'
ac_ct_DUMPBIN=''
am__EXEEXT_FALSE=''
am__EXEEXT_TRUE='#'
am__fastdepCCAS_FALSE='#'
am__fastdepCCAS_TRUE=''
am__fastdepCC_FALSE='#'
am__fastdepCC_TRUE=''
am__fastdepCXX_FALSE='#'
am__fastdepCXX_TRUE=''
am__include='include'
am__isrc=''
am__leading_dot='.'
am__nodep='_no'
am__quote=''
am__tar='$${TAR-tar} chof - "$$tardir"'
am__untar='$${TAR-tar} xf -'
bindir='${exec_prefix}/bin'
build='x86_64-apple-darwin19.4.0'
build_alias=''
build_cpu='x86_64'
build_os='darwin19.4.0'
build_vendor='apple'
datadir='${datarootdir}'
datarootdir='${prefix}/share'
docdir='${datarootdir}/doc/${PACKAGE_TARNAME}'
dvidir='${docdir}'
exec_prefix='${prefix}'
host='x86_64-apple-darwin19.4.0'
host_alias=''
host_cpu='x86_64'
host_os='darwin19.4.0'
host_vendor='apple'
htmldir='${docdir}'
includedir='${prefix}/include'
infodir='${datarootdir}/info'
install_sh='${SHELL} /Users/georgezhou/Downloads/heif/libde265-1.0.5/install-sh'
libdir='${exec_prefix}/lib'
libexecdir='${exec_prefix}/libexec'
localedir='${datarootdir}/locale'
localstatedir='${prefix}/var'
mandir='${datarootdir}/man'
mkdir_p='$(MKDIR_P)'
oldincludedir='/usr/include'
pdfdir='${docdir}'
prefix='/Users/georgezhou/Downloads/heif/build/de265'
program_transform_name='s,x,x,'
psdir='${docdir}'
sbindir='${exec_prefix}/sbin'
sharedstatedir='${prefix}/com'
sysconfdir='${prefix}/etc'
target='x86_64-apple-darwin19.4.0'
target_alias=''
target_cpu='x86_64'
target_os='darwin19.4.0'
target_vendor='apple'

## ----------- ##
## confdefs.h. ##
## ----------- ##

/* confdefs.h */
#define PACKAGE_NAME "libde265"
#define PACKAGE_TARNAME "libde265"
#define PACKAGE_VERSION "1.0.5"
#define PACKAGE_STRING "libde265 1.0.5"
#define PACKAGE_BUGREPORT "farin@struktur.de"
#define PACKAGE_URL ""
#define STDC_HEADERS 1
#define HAVE_SYS_TYPES_H 1
#define HAVE_SYS_STAT_H 1
#define HAVE_STDLIB_H 1
#define HAVE_STRING_H 1
#define HAVE_MEMORY_H 1
#define HAVE_STRINGS_H 1
#define HAVE_INTTYPES_H 1
#define HAVE_STDINT_H 1
#define HAVE_UNISTD_H 1
#define HAVE_DLFCN_H 1
#define LT_OBJDIR ".libs/"
#define PACKAGE "libde265"
#define VERSION "1.0.5"
#define HAVE_STDINT_H 1
#define HAVE_STDLIB_H 1
#define HAVE_STRING_H 1
#define HAVE_SIGNAL_H 1
#define HAVE_SETJMP_H 1
#define HAVE_STDDEF_H 1
#define HAVE_SYS_TIME_H 1
#define HAVE_CSTDINT 1
#define HAVE__BOOL 1
#define HAVE_STDBOOL_H 1
#define HAVE_PTRDIFF_T 1
#define HAVE_MALLOC 1
#define HAVE_MEMMOVE 1
#define HAVE_MEMSET 1
#define HAVE_POSIX_MEMALIGN 1
#define HAVE_GETTIMEOFDAY 1
#define HAVE_POW 1
#define HAVE_SQRT 1
#define HAVE_STRCHR 1
#define HAVE_STRRCHR 1
#define HAVE_ALLOCA_H 1
#define HAVE_ALLOCA 1
#define TIME_WITH_SYS_TIME 1
#define HAVE_SYS_TIME_H 1
#define HAVE_UNISTD_H 1
#define HAVE_ALARM 1
#define HAVE_SSE4_1 1

configure: exit 0
